2022-01-28 14:43:27 -  - exec CUpdateClientPartner::__CollectRequestData
2022-01-28 14:43:27 -  - exec CUpdateClientPartner::GetHTTPPage
2022-01-28 14:43:27 -  - exec CUpdateClientPartner::ParseServerData
2022-01-28 14:43:27 -  - exec CUpdateClientPartner::GetUpdatesList
2022-01-28 14:43:27 -  - exec CUpdateClientPartner::__CollectRequestData
2022-01-28 14:43:27 -  - utf=Y&lang=ru&stable=Y&CANGZIP=Y&SUPD_DBS=MYSQL&XE=N&CLIENT_SITE=iceking.kz&LICENSE_KEY=X&SUPD_STS=1&SUPD_URS=0&SUPD_URSA=1&TYPENC=D&CLIENT_PHPVER=7.4.21&NGINX=Y&dbv=10.5.11&instm=main%2C21.400.100%2CY%3Babtest%2C21.0.0%2CN%3Badvertising%2C21.100.0%2CN%3Bb24connector%2C21.0.0%2CN%3Bbitrix.eshop%2C21.0.100%2CN%3Bbitrix.sitecommunity%2C15.5.0%2CN%3Bbitrix.sitecorporate%2C15.5.0%2CN%3Bbitrix.siteinfoportal%2C15.5.0%2CN%3Bbitrix.sitepersonal%2C15.5.0%2CN%3Bbitrixcloud%2C21.0.0%2CN%3Bbizproc%2C21.200.200%2CN%3Bbizprocdesigner%2C21.100.0%2CN%3Bblog%2C21.200.0%2CN%3Bcalendar%2C21.200.0%2CN%3Bcatalog%2C21.200.0%2CN%3Bclouds%2C21.100.0%2CN%3Bconversion%2C21.0.0%2CN%3Bcurrency%2C21.100.0%2CN%3Bfileman%2C21.200.0%2CN%3Bform%2C21.0.0%2CN%3Bforum%2C21.100.0%2CN%3Bhighloadblock%2C21.100.0%2CN%3Biblock%2C21.400.100%2CN%3Bidea%2C21.0.0%2CN%3Bim%2C21.300.100%2CN%3Blanding%2C21.300.300%2CN%3Blearning%2C21.0.0%2CN%3Blists%2C21.100.0%2CN%3Bmail%2C21.100.100%2CN%3Bmessageservice%2C21.100.0%2CN%3Bmobileapp%2C21.0.50%2CN%3Bperfmon%2C21.0.0%2CN%3Bphotogallery%2C21.0.0%2CN%3Bpull%2C21.200.0%2CN%3Breport%2C21.100.0%2CN%3Brest%2C21.200.0%2CN%3Bsale%2C21.400.0%2CN%3Bscale%2C21.0.0%2CN%3Bsearch%2C21.0.100%2CN%3Bsecurity%2C21.0.0%2CN%3Bsender%2C21.100.100%2CN%3Bseo%2C21.300.0%2CN%3Bsocialnetwork%2C21.350.0%2CN%3Bsocialservices%2C21.100.0%2CN%3Bstatistic%2C21.0.0%2CN%3Bstoreassist%2C21.0.0%2CN%3Bsubscribe%2C21.0.0%2CN%3Bsupport%2C21.0.0%2CN%3Btranslate%2C21.100.0%2CN%3Bui%2C21.300.0%2CN%3Bvote%2C21.0.0%2CN%3Bwebservice%2C21.0.0%2CN%3Bwiki%2C21.100.0%2CN%3Bworkflow%2C21.0.0%2CN&reqm=bitrix.eshop%2Cbitrix.sitecommunity%2Cbitrix.sitecorporate%2Cbitrix.siteinfoportal%2Cbitrix.sitepersonal&fullmoduleinfo=Y&SUPD_SRS=RU&SUPD_CMP=N
2022-01-28 14:43:27 -  - exec CUpdateClientPartner::GetHTTPPage
2022-01-28 14:43:27 -  - TIME GetUpdatesList(request) 0.212 sec
2022-01-28 14:43:27 -  - exec CUpdateClientPartner::ParseServerData
2022-01-28 14:43:27 -  - exec CUpdateClientPartner::__CollectRequestData
2022-01-28 14:43:27 -  - exec CUpdateClientPartner::GetHTTPPage
2022-01-28 14:43:27 -  - exec CUpdateClientPartner::ParseServerData
2022-01-31 09:15:21 -  - exec CUpdateClientPartner::__CollectRequestData
2022-01-31 09:15:21 -  - exec CUpdateClientPartner::GetHTTPPage
2022-01-31 09:15:22 -  - exec CUpdateClientPartner::ParseServerData
2022-01-31 09:15:22 -  - exec CUpdateClientPartner::GetUpdatesList
2022-01-31 09:15:22 -  - exec CUpdateClientPartner::__CollectRequestData
2022-01-31 09:15:22 -  - utf=Y&lang=ru&stable=Y&CANGZIP=Y&SUPD_DBS=MYSQL&XE=N&CLIENT_SITE=iceking.kz&LICENSE_KEY=X&SUPD_STS=1&SUPD_URS=0&SUPD_URSA=1&TYPENC=D&CLIENT_PHPVER=7.4.21&NGINX=Y&dbv=10.5.11&instm=main%2C21.400.100%2CY%3Babtest%2C21.0.0%2CN%3Badvertising%2C21.100.0%2CN%3Bb24connector%2C21.0.0%2CN%3Bbitrix.eshop%2C21.0.100%2CN%3Bbitrix.sitecommunity%2C15.5.0%2CN%3Bbitrix.sitecorporate%2C15.5.0%2CN%3Bbitrix.siteinfoportal%2C15.5.0%2CN%3Bbitrix.sitepersonal%2C15.5.0%2CN%3Bbitrixcloud%2C21.0.0%2CN%3Bbizproc%2C21.200.200%2CN%3Bbizprocdesigner%2C21.100.0%2CN%3Bblog%2C21.200.0%2CN%3Bcalendar%2C21.200.0%2CN%3Bcatalog%2C21.200.0%2CN%3Bclouds%2C21.100.0%2CN%3Bconversion%2C21.0.0%2CN%3Bcurrency%2C21.100.0%2CN%3Bfileman%2C21.200.0%2CN%3Bform%2C21.0.0%2CN%3Bforum%2C21.100.0%2CN%3Bhighloadblock%2C21.100.0%2CN%3Biblock%2C21.400.100%2CN%3Bidea%2C21.0.0%2CN%3Bim%2C21.300.100%2CN%3Blanding%2C21.300.300%2CN%3Blearning%2C21.0.0%2CN%3Blists%2C21.100.0%2CN%3Bmail%2C21.100.100%2CN%3Bmessageservice%2C21.100.0%2CN%3Bmobileapp%2C21.0.50%2CN%3Bperfmon%2C21.0.0%2CN%3Bphotogallery%2C21.0.0%2CN%3Bpull%2C21.200.0%2CN%3Breport%2C21.100.0%2CN%3Brest%2C21.200.0%2CN%3Bsale%2C21.400.0%2CN%3Bscale%2C21.0.0%2CN%3Bsearch%2C21.0.100%2CN%3Bsecurity%2C21.0.0%2CN%3Bsender%2C21.100.100%2CN%3Bseo%2C21.300.0%2CN%3Bsocialnetwork%2C21.350.0%2CN%3Bsocialservices%2C21.100.0%2CN%3Bstatistic%2C21.0.0%2CN%3Bstoreassist%2C21.0.0%2CN%3Bsubscribe%2C21.0.0%2CN%3Bsupport%2C21.0.0%2CN%3Btranslate%2C21.100.0%2CN%3Bui%2C21.300.0%2CN%3Bvote%2C21.0.0%2CN%3Bwebservice%2C21.0.0%2CN%3Bwiki%2C21.100.0%2CN%3Bworkflow%2C21.0.0%2CN&reqm=bitrix.eshop%2Cbitrix.sitecommunity%2Cbitrix.sitecorporate%2Cbitrix.siteinfoportal%2Cbitrix.sitepersonal&fullmoduleinfo=Y&SUPD_SRS=RU&SUPD_CMP=N
2022-01-31 09:15:22 -  - exec CUpdateClientPartner::GetHTTPPage
2022-01-31 09:15:22 -  - TIME GetUpdatesList(request) 0.219 sec
2022-01-31 09:15:22 -  - exec CUpdateClientPartner::ParseServerData
2022-01-31 09:15:22 -  - exec CUpdateClientPartner::__CollectRequestData
2022-01-31 09:15:22 -  - exec CUpdateClientPartner::GetHTTPPage
2022-01-31 09:15:22 -  - exec CUpdateClientPartner::ParseServerData
2022-02-01 09:15:52 -  - exec CUpdateClientPartner::__CollectRequestData
2022-02-01 09:15:52 -  - exec CUpdateClientPartner::GetHTTPPage
2022-02-01 09:15:52 -  - exec CUpdateClientPartner::ParseServerData
2022-02-01 09:15:52 -  - exec CUpdateClientPartner::GetUpdatesList
2022-02-01 09:15:52 -  - exec CUpdateClientPartner::__CollectRequestData
2022-02-01 09:15:52 -  - utf=Y&lang=ru&stable=Y&CANGZIP=Y&SUPD_DBS=MYSQL&XE=N&CLIENT_SITE=iceking.kz&LICENSE_KEY=X&SUPD_STS=1&SUPD_URS=0&SUPD_URSA=1&TYPENC=D&CLIENT_PHPVER=7.4.21&NGINX=Y&dbv=10.5.11&instm=main%2C21.400.100%2CY%3Babtest%2C21.0.0%2CN%3Badvertising%2C21.100.0%2CN%3Bb24connector%2C21.0.0%2CN%3Bbitrix.eshop%2C21.0.100%2CN%3Bbitrix.sitecommunity%2C15.5.0%2CN%3Bbitrix.sitecorporate%2C15.5.0%2CN%3Bbitrix.siteinfoportal%2C15.5.0%2CN%3Bbitrix.sitepersonal%2C15.5.0%2CN%3Bbitrixcloud%2C21.0.0%2CN%3Bbizproc%2C21.200.200%2CN%3Bbizprocdesigner%2C21.100.0%2CN%3Bblog%2C21.200.0%2CN%3Bcalendar%2C21.200.0%2CN%3Bcatalog%2C21.200.0%2CN%3Bclouds%2C21.100.0%2CN%3Bconversion%2C21.0.0%2CN%3Bcurrency%2C21.100.0%2CN%3Bfileman%2C21.200.0%2CN%3Bform%2C21.0.0%2CN%3Bforum%2C21.100.0%2CN%3Bhighloadblock%2C21.100.0%2CN%3Biblock%2C21.400.100%2CN%3Bidea%2C21.0.0%2CN%3Bim%2C21.300.100%2CN%3Blanding%2C21.300.300%2CN%3Blearning%2C21.0.0%2CN%3Blists%2C21.100.0%2CN%3Bmail%2C21.100.100%2CN%3Bmessageservice%2C21.100.0%2CN%3Bmobileapp%2C21.0.50%2CN%3Bperfmon%2C21.0.0%2CN%3Bphotogallery%2C21.0.0%2CN%3Bpull%2C21.200.0%2CN%3Breport%2C21.100.0%2CN%3Brest%2C21.200.0%2CN%3Bsale%2C21.400.0%2CN%3Bscale%2C21.0.0%2CN%3Bsearch%2C21.0.100%2CN%3Bsecurity%2C21.0.0%2CN%3Bsender%2C21.100.100%2CN%3Bseo%2C21.300.0%2CN%3Bsocialnetwork%2C21.350.0%2CN%3Bsocialservices%2C21.100.0%2CN%3Bstatistic%2C21.0.0%2CN%3Bstoreassist%2C21.0.0%2CN%3Bsubscribe%2C21.0.0%2CN%3Bsupport%2C21.0.0%2CN%3Btranslate%2C21.100.0%2CN%3Bui%2C21.300.0%2CN%3Bvote%2C21.0.0%2CN%3Bwebservice%2C21.0.0%2CN%3Bwiki%2C21.100.0%2CN%3Bworkflow%2C21.0.0%2CN&reqm=bitrix.eshop%2Cbitrix.sitecommunity%2Cbitrix.sitecorporate%2Cbitrix.siteinfoportal%2Cbitrix.sitepersonal&fullmoduleinfo=Y&SUPD_SRS=RU&SUPD_CMP=N
2022-02-01 09:15:52 -  - exec CUpdateClientPartner::GetHTTPPage
2022-02-01 09:15:52 -  - TIME GetUpdatesList(request) 0.232 sec
2022-02-01 09:15:52 -  - exec CUpdateClientPartner::ParseServerData
2022-02-01 09:15:52 -  - exec CUpdateClientPartner::__CollectRequestData
2022-02-01 09:15:52 -  - exec CUpdateClientPartner::GetHTTPPage
2022-02-01 09:15:53 -  - exec CUpdateClientPartner::ParseServerData
2022-02-02 09:25:04 -  - exec CUpdateClientPartner::__CollectRequestData
2022-02-02 09:25:04 -  - exec CUpdateClientPartner::GetHTTPPage
2022-02-02 09:25:05 -  - exec CUpdateClientPartner::ParseServerData
2022-02-02 09:25:05 -  - exec CUpdateClientPartner::GetUpdatesList
2022-02-02 09:25:05 -  - exec CUpdateClientPartner::__CollectRequestData
2022-02-02 09:25:05 -  - utf=Y&lang=ru&stable=Y&CANGZIP=Y&SUPD_DBS=MYSQL&XE=N&CLIENT_SITE=iceking.kz&LICENSE_KEY=X&SUPD_STS=1&SUPD_URS=0&SUPD_URSA=1&TYPENC=D&CLIENT_PHPVER=7.4.21&NGINX=Y&dbv=10.5.11&instm=main%2C21.400.100%2CY%3Babtest%2C21.0.0%2CN%3Badvertising%2C21.100.0%2CN%3Bb24connector%2C21.0.0%2CN%3Bbitrix.eshop%2C21.0.100%2CN%3Bbitrix.sitecommunity%2C15.5.0%2CN%3Bbitrix.sitecorporate%2C15.5.0%2CN%3Bbitrix.siteinfoportal%2C15.5.0%2CN%3Bbitrix.sitepersonal%2C15.5.0%2CN%3Bbitrixcloud%2C21.0.0%2CN%3Bbizproc%2C21.200.200%2CN%3Bbizprocdesigner%2C21.100.0%2CN%3Bblog%2C21.200.0%2CN%3Bcalendar%2C21.200.0%2CN%3Bcatalog%2C21.200.0%2CN%3Bclouds%2C21.100.0%2CN%3Bconversion%2C21.0.0%2CN%3Bcurrency%2C21.100.0%2CN%3Bfileman%2C21.200.0%2CN%3Bform%2C21.0.0%2CN%3Bforum%2C21.100.0%2CN%3Bhighloadblock%2C21.100.0%2CN%3Biblock%2C21.400.100%2CN%3Bidea%2C21.0.0%2CN%3Bim%2C21.300.100%2CN%3Blanding%2C21.300.300%2CN%3Blearning%2C21.0.0%2CN%3Blists%2C21.100.0%2CN%3Bmail%2C21.100.100%2CN%3Bmessageservice%2C21.100.0%2CN%3Bmobileapp%2C21.0.50%2CN%3Bperfmon%2C21.0.0%2CN%3Bphotogallery%2C21.0.0%2CN%3Bpull%2C21.200.0%2CN%3Breport%2C21.100.0%2CN%3Brest%2C21.200.0%2CN%3Bsale%2C21.400.0%2CN%3Bscale%2C21.0.0%2CN%3Bsearch%2C21.0.100%2CN%3Bsecurity%2C21.0.0%2CN%3Bsender%2C21.100.100%2CN%3Bseo%2C21.300.0%2CN%3Bsocialnetwork%2C21.350.0%2CN%3Bsocialservices%2C21.100.0%2CN%3Bstatistic%2C21.0.0%2CN%3Bstoreassist%2C21.0.0%2CN%3Bsubscribe%2C21.0.0%2CN%3Bsupport%2C21.0.0%2CN%3Btranslate%2C21.100.0%2CN%3Bui%2C21.300.0%2CN%3Bvote%2C21.0.0%2CN%3Bwebservice%2C21.0.0%2CN%3Bwiki%2C21.100.0%2CN%3Bworkflow%2C21.0.0%2CN&reqm=bitrix.eshop%2Cbitrix.sitecommunity%2Cbitrix.sitecorporate%2Cbitrix.siteinfoportal%2Cbitrix.sitepersonal&fullmoduleinfo=Y&SUPD_SRS=RU&SUPD_CMP=N
2022-02-02 09:25:05 -  - exec CUpdateClientPartner::GetHTTPPage
2022-02-02 09:25:05 -  - TIME GetUpdatesList(request) 0.237 sec
2022-02-02 09:25:05 -  - exec CUpdateClientPartner::ParseServerData
2022-02-02 09:25:05 -  - exec CUpdateClientPartner::__CollectRequestData
2022-02-02 09:25:05 -  - exec CUpdateClientPartner::GetHTTPPage
2022-02-02 09:25:05 -  - exec CUpdateClientPartner::ParseServerData
2022-02-02 09:34:10 -  - exec CUpdateClientPartner::GetUpdatesList
2022-02-02 09:34:10 -  - exec CUpdateClientPartner::__CollectRequestData
2022-02-02 09:34:10 -  - utf=Y&lang=ru&stable=Y&CANGZIP=Y&SUPD_DBS=MYSQL&XE=N&CLIENT_SITE=iceking.kz&LICENSE_KEY=X&SUPD_STS=1&SUPD_URS=0&SUPD_URSA=1&TYPENC=D&CLIENT_PHPVER=7.4.21&NGINX=Y&dbv=10.5.11&instm=main%2C21.400.100%2CY%3Babtest%2C21.0.0%2CN%3Badvertising%2C21.100.0%2CN%3Bb24connector%2C21.0.0%2CN%3Bbitrix.eshop%2C21.0.100%2CN%3Bbitrix.sitecommunity%2C15.5.0%2CN%3Bbitrix.sitecorporate%2C15.5.0%2CN%3Bbitrix.siteinfoportal%2C15.5.0%2CN%3Bbitrix.sitepersonal%2C15.5.0%2CN%3Bbitrixcloud%2C21.0.0%2CN%3Bbizproc%2C21.200.200%2CN%3Bbizprocdesigner%2C21.100.0%2CN%3Bblog%2C21.200.0%2CN%3Bcalendar%2C21.200.0%2CN%3Bcatalog%2C21.200.0%2CN%3Bclouds%2C21.100.0%2CN%3Bconversion%2C21.0.0%2CN%3Bcurrency%2C21.100.0%2CN%3Bfileman%2C21.200.0%2CN%3Bform%2C21.0.0%2CN%3Bforum%2C21.100.0%2CN%3Bhighloadblock%2C21.100.0%2CN%3Biblock%2C21.400.100%2CN%3Bidea%2C21.0.0%2CN%3Bim%2C21.300.100%2CN%3Blanding%2C21.300.300%2CN%3Blearning%2C21.0.0%2CN%3Blists%2C21.100.0%2CN%3Bmail%2C21.100.100%2CN%3Bmessageservice%2C21.100.0%2CN%3Bmobileapp%2C21.0.50%2CN%3Bperfmon%2C21.0.0%2CN%3Bphotogallery%2C21.0.0%2CN%3Bpull%2C21.200.0%2CN%3Breport%2C21.100.0%2CN%3Brest%2C21.200.0%2CN%3Bsale%2C21.400.0%2CN%3Bscale%2C21.0.0%2CN%3Bsearch%2C21.0.100%2CN%3Bsecurity%2C21.0.0%2CN%3Bsender%2C21.100.100%2CN%3Bseo%2C21.300.0%2CN%3Bsocialnetwork%2C21.350.0%2CN%3Bsocialservices%2C21.100.0%2CN%3Bstatistic%2C21.0.0%2CN%3Bstoreassist%2C21.0.0%2CN%3Bsubscribe%2C21.0.0%2CN%3Bsupport%2C21.0.0%2CN%3Btranslate%2C21.100.0%2CN%3Bui%2C21.300.0%2CN%3Bvote%2C21.0.0%2CN%3Bwebservice%2C21.0.0%2CN%3Bwiki%2C21.100.0%2CN%3Bworkflow%2C21.0.0%2CN&reqm=bitrix.eshop%2Cbitrix.sitecommunity%2Cbitrix.sitecorporate%2Cbitrix.siteinfoportal%2Cbitrix.sitepersonal%2Cstar.owlcarousel&SUPD_SRS=RU&SUPD_CMP=N
2022-02-02 09:34:10 -  - exec CUpdateClientPartner::GetHTTPPage
2022-02-02 09:34:11 -  - TIME GetUpdatesList(request) 0.563 sec
2022-02-02 09:34:11 -  - exec CUpdateClientPartner::ParseServerData
2022-02-02 09:34:26 -  - exec CUpdateClientPartner::LoadModulesUpdates
2022-02-02 09:34:26 -  - exec CUpdateClientPartner::__CollectRequestData
2022-02-02 09:34:26 -  - utf=Y&lang=ru&stable=Y&CANGZIP=Y&SUPD_DBS=MYSQL&XE=N&CLIENT_SITE=iceking.kz&LICENSE_KEY=X&SUPD_STS=1&SUPD_URS=0&SUPD_URSA=1&TYPENC=D&CLIENT_PHPVER=7.4.21&NGINX=Y&dbv=10.5.11&instm=main%2C21.400.100%2CY%3Babtest%2C21.0.0%2CN%3Badvertising%2C21.100.0%2CN%3Bb24connector%2C21.0.0%2CN%3Bbitrix.eshop%2C21.0.100%2CN%3Bbitrix.sitecommunity%2C15.5.0%2CN%3Bbitrix.sitecorporate%2C15.5.0%2CN%3Bbitrix.siteinfoportal%2C15.5.0%2CN%3Bbitrix.sitepersonal%2C15.5.0%2CN%3Bbitrixcloud%2C21.0.0%2CN%3Bbizproc%2C21.200.200%2CN%3Bbizprocdesigner%2C21.100.0%2CN%3Bblog%2C21.200.0%2CN%3Bcalendar%2C21.200.0%2CN%3Bcatalog%2C21.200.0%2CN%3Bclouds%2C21.100.0%2CN%3Bconversion%2C21.0.0%2CN%3Bcurrency%2C21.100.0%2CN%3Bfileman%2C21.200.0%2CN%3Bform%2C21.0.0%2CN%3Bforum%2C21.100.0%2CN%3Bhighloadblock%2C21.100.0%2CN%3Biblock%2C21.400.100%2CN%3Bidea%2C21.0.0%2CN%3Bim%2C21.300.100%2CN%3Blanding%2C21.300.300%2CN%3Blearning%2C21.0.0%2CN%3Blists%2C21.100.0%2CN%3Bmail%2C21.100.100%2CN%3Bmessageservice%2C21.100.0%2CN%3Bmobileapp%2C21.0.50%2CN%3Bperfmon%2C21.0.0%2CN%3Bphotogallery%2C21.0.0%2CN%3Bpull%2C21.200.0%2CN%3Breport%2C21.100.0%2CN%3Brest%2C21.200.0%2CN%3Bsale%2C21.400.0%2CN%3Bscale%2C21.0.0%2CN%3Bsearch%2C21.0.100%2CN%3Bsecurity%2C21.0.0%2CN%3Bsender%2C21.100.100%2CN%3Bseo%2C21.300.0%2CN%3Bsocialnetwork%2C21.350.0%2CN%3Bsocialservices%2C21.100.0%2CN%3Bstatistic%2C21.0.0%2CN%3Bstoreassist%2C21.0.0%2CN%3Bsubscribe%2C21.0.0%2CN%3Bsupport%2C21.0.0%2CN%3Btranslate%2C21.100.0%2CN%3Bui%2C21.300.0%2CN%3Bvote%2C21.0.0%2CN%3Bwebservice%2C21.0.0%2CN%3Bwiki%2C21.100.0%2CN%3Bworkflow%2C21.0.0%2CN&reqm=star.owlcarousel&lim=Y&SUPD_SRS=RU&SUPD_CMP=N
2022-02-02 09:34:26 -  - exec CUpdateClientPartner::GetHTTPPage
2022-02-02 09:34:27 -  - TIME LoadModulesUpdates(request) 0.229 sec
2022-02-02 09:34:27 -  - exec CUpdateClientPartner::ParseServerData
2022-02-02 09:34:27 - S - STEP
2022-02-02 09:34:27 - LMU01 - LoadModulesUpdates-Step
2022-02-02 09:34:27 -  - exec CUpdateClientPartner::LoadModulesUpdates
2022-02-02 09:34:27 -  - exec CUpdateClientPartner::ParseServerData
2022-02-02 09:34:27 -  - loadFile
2022-02-02 09:34:27 - U - RETURN
2022-02-02 09:34:27 -  - exec CUpdateClientPartner::UnGzipArchive
2022-02-02 09:34:27 -  - TIME UnGzipArchive 0.153 sec
2022-02-02 09:34:27 -  - TIME UpdateStepModules 0.072 sec
2022-02-02 09:34:27 - UPD_SUCCESS - Updated: star.owlcarousel
2022-02-02 09:34:28 -  - exec CUpdateClientPartner::LoadModulesUpdates
2022-02-02 09:34:28 -  - exec CUpdateClientPartner::__CollectRequestData
2022-02-02 09:34:28 -  - utf=Y&lang=ru&stable=Y&CANGZIP=Y&SUPD_DBS=MYSQL&XE=N&CLIENT_SITE=iceking.kz&LICENSE_KEY=X&SUPD_STS=1&SUPD_URS=0&SUPD_URSA=1&TYPENC=D&CLIENT_PHPVER=7.4.21&NGINX=Y&dbv=10.5.11&instm=main%2C21.400.100%2CY%3Babtest%2C21.0.0%2CN%3Badvertising%2C21.100.0%2CN%3Bb24connector%2C21.0.0%2CN%3Bbitrix.eshop%2C21.0.100%2CN%3Bbitrix.sitecommunity%2C15.5.0%2CN%3Bbitrix.sitecorporate%2C15.5.0%2CN%3Bbitrix.siteinfoportal%2C15.5.0%2CN%3Bbitrix.sitepersonal%2C15.5.0%2CN%3Bbitrixcloud%2C21.0.0%2CN%3Bbizproc%2C21.200.200%2CN%3Bbizprocdesigner%2C21.100.0%2CN%3Bblog%2C21.200.0%2CN%3Bcalendar%2C21.200.0%2CN%3Bcatalog%2C21.200.0%2CN%3Bclouds%2C21.100.0%2CN%3Bconversion%2C21.0.0%2CN%3Bcurrency%2C21.100.0%2CN%3Bfileman%2C21.200.0%2CN%3Bform%2C21.0.0%2CN%3Bforum%2C21.100.0%2CN%3Bhighloadblock%2C21.100.0%2CN%3Biblock%2C21.400.100%2CN%3Bidea%2C21.0.0%2CN%3Bim%2C21.300.100%2CN%3Blanding%2C21.300.300%2CN%3Blearning%2C21.0.0%2CN%3Blists%2C21.100.0%2CN%3Bmail%2C21.100.100%2CN%3Bmessageservice%2C21.100.0%2CN%3Bmobileapp%2C21.0.50%2CN%3Bperfmon%2C21.0.0%2CN%3Bphotogallery%2C21.0.0%2CN%3Bpull%2C21.200.0%2CN%3Breport%2C21.100.0%2CN%3Brest%2C21.200.0%2CN%3Bsale%2C21.400.0%2CN%3Bscale%2C21.0.0%2CN%3Bsearch%2C21.0.100%2CN%3Bsecurity%2C21.0.0%2CN%3Bsender%2C21.100.100%2CN%3Bseo%2C21.300.0%2CN%3Bsocialnetwork%2C21.350.0%2CN%3Bsocialservices%2C21.100.0%2CN%3Bstar.owlcarousel%2C1.0.0%2CN%3Bstatistic%2C21.0.0%2CN%3Bstoreassist%2C21.0.0%2CN%3Bsubscribe%2C21.0.0%2CN%3Bsupport%2C21.0.0%2CN%3Btranslate%2C21.100.0%2CN%3Bui%2C21.300.0%2CN%3Bvote%2C21.0.0%2CN%3Bwebservice%2C21.0.0%2CN%3Bwiki%2C21.100.0%2CN%3Bworkflow%2C21.0.0%2CN&reqm=star.owlcarousel&lim=Y&SUPD_SRS=RU&SUPD_CMP=N
2022-02-02 09:34:28 -  - exec CUpdateClientPartner::GetHTTPPage
2022-02-02 09:34:28 -  - TIME LoadModulesUpdates(request) 0.254 sec
2022-02-02 09:34:28 -  - exec CUpdateClientPartner::ParseServerData
2022-02-02 09:34:28 - S - STEP
2022-02-02 09:34:28 - LMU01 - LoadModulesUpdates-Step
2022-02-02 09:34:28 -  - exec CUpdateClientPartner::LoadModulesUpdates
2022-02-02 09:34:28 -  - exec CUpdateClientPartner::ParseServerData
2022-02-02 09:34:28 -  - loadFile
2022-02-02 09:34:28 - U - RETURN
2022-02-02 09:34:28 -  - exec CUpdateClientPartner::UnGzipArchive
2022-02-02 09:34:28 -  - TIME UnGzipArchive 0.038 sec
2022-02-02 09:34:29 -  - TIME UpdateStepModules 0.01 sec
2022-02-02 09:34:29 - UPD_SUCCESS - Updated: star.owlcarousel (1.0.1)<br>Исправлена ошибка с отображением нескольких каруселей на одной странице
2022-02-02 09:34:29 -  - exec CUpdateClientPartner::LoadModulesUpdates
2022-02-02 09:34:29 -  - exec CUpdateClientPartner::__CollectRequestData
2022-02-02 09:34:29 -  - utf=Y&lang=ru&stable=Y&CANGZIP=Y&SUPD_DBS=MYSQL&XE=N&CLIENT_SITE=iceking.kz&LICENSE_KEY=X&SUPD_STS=1&SUPD_URS=0&SUPD_URSA=1&TYPENC=D&CLIENT_PHPVER=7.4.21&NGINX=Y&dbv=10.5.11&instm=main%2C21.400.100%2CY%3Babtest%2C21.0.0%2CN%3Badvertising%2C21.100.0%2CN%3Bb24connector%2C21.0.0%2CN%3Bbitrix.eshop%2C21.0.100%2CN%3Bbitrix.sitecommunity%2C15.5.0%2CN%3Bbitrix.sitecorporate%2C15.5.0%2CN%3Bbitrix.siteinfoportal%2C15.5.0%2CN%3Bbitrix.sitepersonal%2C15.5.0%2CN%3Bbitrixcloud%2C21.0.0%2CN%3Bbizproc%2C21.200.200%2CN%3Bbizprocdesigner%2C21.100.0%2CN%3Bblog%2C21.200.0%2CN%3Bcalendar%2C21.200.0%2CN%3Bcatalog%2C21.200.0%2CN%3Bclouds%2C21.100.0%2CN%3Bconversion%2C21.0.0%2CN%3Bcurrency%2C21.100.0%2CN%3Bfileman%2C21.200.0%2CN%3Bform%2C21.0.0%2CN%3Bforum%2C21.100.0%2CN%3Bhighloadblock%2C21.100.0%2CN%3Biblock%2C21.400.100%2CN%3Bidea%2C21.0.0%2CN%3Bim%2C21.300.100%2CN%3Blanding%2C21.300.300%2CN%3Blearning%2C21.0.0%2CN%3Blists%2C21.100.0%2CN%3Bmail%2C21.100.100%2CN%3Bmessageservice%2C21.100.0%2CN%3Bmobileapp%2C21.0.50%2CN%3Bperfmon%2C21.0.0%2CN%3Bphotogallery%2C21.0.0%2CN%3Bpull%2C21.200.0%2CN%3Breport%2C21.100.0%2CN%3Brest%2C21.200.0%2CN%3Bsale%2C21.400.0%2CN%3Bscale%2C21.0.0%2CN%3Bsearch%2C21.0.100%2CN%3Bsecurity%2C21.0.0%2CN%3Bsender%2C21.100.100%2CN%3Bseo%2C21.300.0%2CN%3Bsocialnetwork%2C21.350.0%2CN%3Bsocialservices%2C21.100.0%2CN%3Bstar.owlcarousel%2C1.0.1%2CN%3Bstatistic%2C21.0.0%2CN%3Bstoreassist%2C21.0.0%2CN%3Bsubscribe%2C21.0.0%2CN%3Bsupport%2C21.0.0%2CN%3Btranslate%2C21.100.0%2CN%3Bui%2C21.300.0%2CN%3Bvote%2C21.0.0%2CN%3Bwebservice%2C21.0.0%2CN%3Bwiki%2C21.100.0%2CN%3Bworkflow%2C21.0.0%2CN&reqm=star.owlcarousel&lim=Y&SUPD_SRS=RU&SUPD_CMP=N
2022-02-02 09:34:29 -  - exec CUpdateClientPartner::GetHTTPPage
2022-02-02 09:34:29 -  - TIME LoadModulesUpdates(request) 0.242 sec
2022-02-02 09:34:29 -  - exec CUpdateClientPartner::ParseServerData
2022-02-02 09:34:29 - STEP - Finish - NOUPDATES
2022-02-02 09:34:29 - STEP - Finish - NOUPDATES
2022-02-02 09:34:32 -  - exec CUpdateClientPartner::GetUpdatesList
2022-02-02 09:34:32 -  - exec CUpdateClientPartner::__CollectRequestData
2022-02-02 09:34:32 -  - utf=Y&lang=ru&stable=Y&CANGZIP=Y&SUPD_DBS=MYSQL&XE=N&CLIENT_SITE=iceking.kz&LICENSE_KEY=X&SUPD_STS=1&SUPD_URS=0&SUPD_URSA=1&TYPENC=D&CLIENT_PHPVER=7.4.21&NGINX=Y&dbv=10.5.11&instm=main%2C21.400.100%2CY%3Babtest%2C21.0.0%2CN%3Badvertising%2C21.100.0%2CN%3Bb24connector%2C21.0.0%2CN%3Bbitrix.eshop%2C21.0.100%2CN%3Bbitrix.sitecommunity%2C15.5.0%2CN%3Bbitrix.sitecorporate%2C15.5.0%2CN%3Bbitrix.siteinfoportal%2C15.5.0%2CN%3Bbitrix.sitepersonal%2C15.5.0%2CN%3Bbitrixcloud%2C21.0.0%2CN%3Bbizproc%2C21.200.200%2CN%3Bbizprocdesigner%2C21.100.0%2CN%3Bblog%2C21.200.0%2CN%3Bcalendar%2C21.200.0%2CN%3Bcatalog%2C21.200.0%2CN%3Bclouds%2C21.100.0%2CN%3Bconversion%2C21.0.0%2CN%3Bcurrency%2C21.100.0%2CN%3Bfileman%2C21.200.0%2CN%3Bform%2C21.0.0%2CN%3Bforum%2C21.100.0%2CN%3Bhighloadblock%2C21.100.0%2CN%3Biblock%2C21.400.100%2CN%3Bidea%2C21.0.0%2CN%3Bim%2C21.300.100%2CN%3Blanding%2C21.300.300%2CN%3Blearning%2C21.0.0%2CN%3Blists%2C21.100.0%2CN%3Bmail%2C21.100.100%2CN%3Bmessageservice%2C21.100.0%2CN%3Bmobileapp%2C21.0.50%2CN%3Bperfmon%2C21.0.0%2CN%3Bphotogallery%2C21.0.0%2CN%3Bpull%2C21.200.0%2CN%3Breport%2C21.100.0%2CN%3Brest%2C21.200.0%2CN%3Bsale%2C21.400.0%2CN%3Bscale%2C21.0.0%2CN%3Bsearch%2C21.0.100%2CN%3Bsecurity%2C21.0.0%2CN%3Bsender%2C21.100.100%2CN%3Bseo%2C21.300.0%2CN%3Bsocialnetwork%2C21.350.0%2CN%3Bsocialservices%2C21.100.0%2CN%3Bstar.owlcarousel%2C1.0.1%2CN%3Bstatistic%2C21.0.0%2CN%3Bstoreassist%2C21.0.0%2CN%3Bsubscribe%2C21.0.0%2CN%3Bsupport%2C21.0.0%2CN%3Btranslate%2C21.100.0%2CN%3Bui%2C21.300.0%2CN%3Bvote%2C21.0.0%2CN%3Bwebservice%2C21.0.0%2CN%3Bwiki%2C21.100.0%2CN%3Bworkflow%2C21.0.0%2CN&reqm=bitrix.eshop%2Cbitrix.sitecommunity%2Cbitrix.sitecorporate%2Cbitrix.siteinfoportal%2Cbitrix.sitepersonal%2Cstar.owlcarousel&fullmoduleinfo=Y&SUPD_SRS=RU&SUPD_CMP=N
2022-02-02 09:34:32 -  - exec CUpdateClientPartner::GetHTTPPage
2022-02-02 09:34:32 -  - TIME GetUpdatesList(request) 0.246 sec
2022-02-02 09:34:32 -  - exec CUpdateClientPartner::ParseServerData
2022-02-02 09:34:33 -  - exec CUpdateClientPartner::GetUpdatesList
2022-02-02 09:34:33 -  - exec CUpdateClientPartner::__CollectRequestData
2022-02-02 09:34:33 -  - utf=Y&lang=ru&stable=Y&CANGZIP=Y&SUPD_DBS=MYSQL&XE=N&CLIENT_SITE=iceking.kz&LICENSE_KEY=X&SUPD_STS=1&SUPD_URS=0&SUPD_URSA=1&TYPENC=D&CLIENT_PHPVER=7.4.21&NGINX=Y&dbv=10.5.11&instm=main%2C21.400.100%2CY%3Babtest%2C21.0.0%2CN%3Badvertising%2C21.100.0%2CN%3Bb24connector%2C21.0.0%2CN%3Bbitrix.eshop%2C21.0.100%2CN%3Bbitrix.sitecommunity%2C15.5.0%2CN%3Bbitrix.sitecorporate%2C15.5.0%2CN%3Bbitrix.siteinfoportal%2C15.5.0%2CN%3Bbitrix.sitepersonal%2C15.5.0%2CN%3Bbitrixcloud%2C21.0.0%2CN%3Bbizproc%2C21.200.200%2CN%3Bbizprocdesigner%2C21.100.0%2CN%3Bblog%2C21.200.0%2CN%3Bcalendar%2C21.200.0%2CN%3Bcatalog%2C21.200.0%2CN%3Bclouds%2C21.100.0%2CN%3Bconversion%2C21.0.0%2CN%3Bcurrency%2C21.100.0%2CN%3Bfileman%2C21.200.0%2CN%3Bform%2C21.0.0%2CN%3Bforum%2C21.100.0%2CN%3Bhighloadblock%2C21.100.0%2CN%3Biblock%2C21.400.100%2CN%3Bidea%2C21.0.0%2CN%3Bim%2C21.300.100%2CN%3Blanding%2C21.300.300%2CN%3Blearning%2C21.0.0%2CN%3Blists%2C21.100.0%2CN%3Bmail%2C21.100.100%2CN%3Bmessageservice%2C21.100.0%2CN%3Bmobileapp%2C21.0.50%2CN%3Bperfmon%2C21.0.0%2CN%3Bphotogallery%2C21.0.0%2CN%3Bpull%2C21.200.0%2CN%3Breport%2C21.100.0%2CN%3Brest%2C21.200.0%2CN%3Bsale%2C21.400.0%2CN%3Bscale%2C21.0.0%2CN%3Bsearch%2C21.0.100%2CN%3Bsecurity%2C21.0.0%2CN%3Bsender%2C21.100.100%2CN%3Bseo%2C21.300.0%2CN%3Bsocialnetwork%2C21.350.0%2CN%3Bsocialservices%2C21.100.0%2CN%3Bstar.owlcarousel%2C1.0.1%2CN%3Bstatistic%2C21.0.0%2CN%3Bstoreassist%2C21.0.0%2CN%3Bsubscribe%2C21.0.0%2CN%3Bsupport%2C21.0.0%2CN%3Btranslate%2C21.100.0%2CN%3Bui%2C21.300.0%2CN%3Bvote%2C21.0.0%2CN%3Bwebservice%2C21.0.0%2CN%3Bwiki%2C21.100.0%2CN%3Bworkflow%2C21.0.0%2CN&reqm=bitrix.eshop%2Cbitrix.sitecommunity%2Cbitrix.sitecorporate%2Cbitrix.siteinfoportal%2Cbitrix.sitepersonal%2Cstar.owlcarousel&fullmoduleinfo=Y&SUPD_SRS=RU&SUPD_CMP=N
2022-02-02 09:34:33 -  - exec CUpdateClientPartner::GetHTTPPage
2022-02-02 09:34:33 -  - TIME GetUpdatesList(request) 0.229 sec
2022-02-02 09:34:33 -  - exec CUpdateClientPartner::ParseServerData
2022-02-02 09:40:34 -  - exec CUpdateClientPartner::GetUpdatesList
2022-02-02 09:40:34 -  - exec CUpdateClientPartner::__CollectRequestData
2022-02-02 09:40:34 -  - utf=Y&lang=ru&stable=Y&CANGZIP=Y&SUPD_DBS=MYSQL&XE=N&CLIENT_SITE=iceking.kz&LICENSE_KEY=X&SUPD_STS=1&SUPD_URS=0&SUPD_URSA=1&TYPENC=D&CLIENT_PHPVER=7.4.21&NGINX=Y&dbv=10.5.11&instm=main%2C21.400.100%2CY%3Babtest%2C21.0.0%2CN%3Badvertising%2C21.100.0%2CN%3Bb24connector%2C21.0.0%2CN%3Bbitrix.eshop%2C21.0.100%2CN%3Bbitrix.sitecommunity%2C15.5.0%2CN%3Bbitrix.sitecorporate%2C15.5.0%2CN%3Bbitrix.siteinfoportal%2C15.5.0%2CN%3Bbitrix.sitepersonal%2C15.5.0%2CN%3Bbitrixcloud%2C21.0.0%2CN%3Bbizproc%2C21.200.200%2CN%3Bbizprocdesigner%2C21.100.0%2CN%3Bblog%2C21.200.0%2CN%3Bcalendar%2C21.200.0%2CN%3Bcatalog%2C21.200.0%2CN%3Bclouds%2C21.100.0%2CN%3Bconversion%2C21.0.0%2CN%3Bcurrency%2C21.100.0%2CN%3Bfileman%2C21.200.0%2CN%3Bform%2C21.0.0%2CN%3Bforum%2C21.100.0%2CN%3Bhighloadblock%2C21.100.0%2CN%3Biblock%2C21.400.100%2CN%3Bidea%2C21.0.0%2CN%3Bim%2C21.300.100%2CN%3Blanding%2C21.300.300%2CN%3Blearning%2C21.0.0%2CN%3Blists%2C21.100.0%2CN%3Bmail%2C21.100.100%2CN%3Bmessageservice%2C21.100.0%2CN%3Bmobileapp%2C21.0.50%2CN%3Bperfmon%2C21.0.0%2CN%3Bphotogallery%2C21.0.0%2CN%3Bpull%2C21.200.0%2CN%3Breport%2C21.100.0%2CN%3Brest%2C21.200.0%2CN%3Bsale%2C21.400.0%2CN%3Bscale%2C21.0.0%2CN%3Bsearch%2C21.0.100%2CN%3Bsecurity%2C21.0.0%2CN%3Bsender%2C21.100.100%2CN%3Bseo%2C21.300.0%2CN%3Bsocialnetwork%2C21.350.0%2CN%3Bsocialservices%2C21.100.0%2CN%3Bstar.owlcarousel%2C1.0.1%2CN%3Bstatistic%2C21.0.0%2CN%3Bstoreassist%2C21.0.0%2CN%3Bsubscribe%2C21.0.0%2CN%3Bsupport%2C21.0.0%2CN%3Btranslate%2C21.100.0%2CN%3Bui%2C21.300.0%2CN%3Bvote%2C21.0.0%2CN%3Bwebservice%2C21.0.0%2CN%3Bwiki%2C21.100.0%2CN%3Bworkflow%2C21.0.0%2CN&reqm=bitrix.eshop%2Cbitrix.sitecommunity%2Cbitrix.sitecorporate%2Cbitrix.siteinfoportal%2Cbitrix.sitepersonal%2Cstar.owlcarousel&fullmoduleinfo=Y&SUPD_SRS=RU&SUPD_CMP=N
2022-02-02 09:40:34 -  - exec CUpdateClientPartner::GetHTTPPage
2022-02-02 09:40:34 -  - TIME GetUpdatesList(request) 0.28 sec
2022-02-02 09:40:34 -  - exec CUpdateClientPartner::ParseServerData
2022-02-03 09:27:21 -  - exec CUpdateClientPartner::__CollectRequestData
2022-02-03 09:27:21 -  - exec CUpdateClientPartner::GetHTTPPage
2022-02-03 09:27:21 -  - exec CUpdateClientPartner::ParseServerData
2022-02-03 09:27:21 -  - exec CUpdateClientPartner::GetUpdatesList
2022-02-03 09:27:21 -  - exec CUpdateClientPartner::__CollectRequestData
2022-02-03 09:27:21 -  - utf=Y&lang=ru&stable=Y&CANGZIP=Y&SUPD_DBS=MYSQL&XE=N&CLIENT_SITE=iceking.kz&LICENSE_KEY=X&SUPD_STS=1&SUPD_URS=0&SUPD_URSA=1&TYPENC=D&CLIENT_PHPVER=7.4.21&NGINX=Y&dbv=10.5.11&instm=main%2C21.400.100%2CY%3Babtest%2C21.0.0%2CN%3Badvertising%2C21.100.0%2CN%3Bb24connector%2C21.0.0%2CN%3Bbitrix.eshop%2C21.0.100%2CN%3Bbitrix.sitecommunity%2C15.5.0%2CN%3Bbitrix.sitecorporate%2C15.5.0%2CN%3Bbitrix.siteinfoportal%2C15.5.0%2CN%3Bbitrix.sitepersonal%2C15.5.0%2CN%3Bbitrixcloud%2C21.0.0%2CN%3Bbizproc%2C21.200.200%2CN%3Bbizprocdesigner%2C21.100.0%2CN%3Bblog%2C21.200.0%2CN%3Bcalendar%2C21.200.0%2CN%3Bcatalog%2C21.200.0%2CN%3Bclouds%2C21.100.0%2CN%3Bconversion%2C21.0.0%2CN%3Bcurrency%2C21.100.0%2CN%3Bfileman%2C21.200.0%2CN%3Bform%2C21.0.0%2CN%3Bforum%2C21.100.0%2CN%3Bhighloadblock%2C21.100.0%2CN%3Biblock%2C21.400.100%2CN%3Bidea%2C21.0.0%2CN%3Bim%2C21.300.100%2CN%3Blanding%2C21.300.300%2CN%3Blearning%2C21.0.0%2CN%3Blists%2C21.100.0%2CN%3Bmail%2C21.100.100%2CN%3Bmessageservice%2C21.100.0%2CN%3Bmobileapp%2C21.0.50%2CN%3Bperfmon%2C21.0.0%2CN%3Bphotogallery%2C21.0.0%2CN%3Bpull%2C21.200.0%2CN%3Breport%2C21.100.0%2CN%3Brest%2C21.200.0%2CN%3Bsale%2C21.400.0%2CN%3Bscale%2C21.0.0%2CN%3Bsearch%2C21.0.100%2CN%3Bsecurity%2C21.0.0%2CN%3Bsender%2C21.100.100%2CN%3Bseo%2C21.300.0%2CN%3Bsocialnetwork%2C21.350.0%2CN%3Bsocialservices%2C21.100.0%2CN%3Bstar.owlcarousel%2C1.0.1%2CN%3Bstatistic%2C21.0.0%2CN%3Bstoreassist%2C21.0.0%2CN%3Bsubscribe%2C21.0.0%2CN%3Bsupport%2C21.0.0%2CN%3Btranslate%2C21.100.0%2CN%3Bui%2C21.300.0%2CN%3Bvote%2C21.0.0%2CN%3Bwebservice%2C21.0.0%2CN%3Bwiki%2C21.100.0%2CN%3Bworkflow%2C21.0.0%2CN&reqm=bitrix.eshop%2Cbitrix.sitecommunity%2Cbitrix.sitecorporate%2Cbitrix.siteinfoportal%2Cbitrix.sitepersonal%2Cstar.owlcarousel&fullmoduleinfo=Y&SUPD_SRS=RU&SUPD_CMP=N
2022-02-03 09:27:21 -  - exec CUpdateClientPartner::GetHTTPPage
2022-02-03 09:27:27 -  - TIME GetUpdatesList(request) 5.825 sec
2022-02-03 09:27:27 -  - exec CUpdateClientPartner::ParseServerData
2022-02-03 09:27:27 -  - exec CUpdateClientPartner::__CollectRequestData
2022-02-03 09:27:27 -  - exec CUpdateClientPartner::GetHTTPPage
2022-02-03 09:27:27 -  - exec CUpdateClientPartner::ParseServerData
2022-02-03 09:55:39 -  - exec CUpdateClientPartner::GetUpdatesList
2022-02-03 09:55:39 -  - exec CUpdateClientPartner::__CollectRequestData
2022-02-03 09:55:39 -  - utf=Y&lang=ru&stable=Y&CANGZIP=Y&SUPD_DBS=MYSQL&XE=N&CLIENT_SITE=iceking.kz&LICENSE_KEY=X&SUPD_STS=1&SUPD_URS=0&SUPD_URSA=1&TYPENC=D&CLIENT_PHPVER=7.4.21&NGINX=Y&dbv=10.5.11&instm=main%2C21.400.100%2CY%3Babtest%2C21.0.0%2CN%3Badvertising%2C21.100.0%2CN%3Bb24connector%2C21.0.0%2CN%3Bbitrix.eshop%2C21.0.100%2CN%3Bbitrix.sitecommunity%2C15.5.0%2CN%3Bbitrix.sitecorporate%2C15.5.0%2CN%3Bbitrix.siteinfoportal%2C15.5.0%2CN%3Bbitrix.sitepersonal%2C15.5.0%2CN%3Bbitrixcloud%2C21.0.0%2CN%3Bbizproc%2C21.200.200%2CN%3Bbizprocdesigner%2C21.100.0%2CN%3Bblog%2C21.200.0%2CN%3Bcalendar%2C21.200.0%2CN%3Bcatalog%2C21.200.0%2CN%3Bclouds%2C21.100.0%2CN%3Bconversion%2C21.0.0%2CN%3Bcurrency%2C21.100.0%2CN%3Bfileman%2C21.200.0%2CN%3Bform%2C21.0.0%2CN%3Bforum%2C21.100.0%2CN%3Bhighloadblock%2C21.100.0%2CN%3Biblock%2C21.400.100%2CN%3Bidea%2C21.0.0%2CN%3Bim%2C21.300.100%2CN%3Blanding%2C21.300.300%2CN%3Blearning%2C21.0.0%2CN%3Blists%2C21.100.0%2CN%3Bmail%2C21.100.100%2CN%3Bmessageservice%2C21.100.0%2CN%3Bmobileapp%2C21.0.50%2CN%3Bperfmon%2C21.0.0%2CN%3Bphotogallery%2C21.0.0%2CN%3Bpull%2C21.200.0%2CN%3Breport%2C21.100.0%2CN%3Brest%2C21.200.0%2CN%3Bsale%2C21.400.0%2CN%3Bscale%2C21.0.0%2CN%3Bsearch%2C21.0.100%2CN%3Bsecurity%2C21.0.0%2CN%3Bsender%2C21.100.100%2CN%3Bseo%2C21.300.0%2CN%3Bsocialnetwork%2C21.350.0%2CN%3Bsocialservices%2C21.100.0%2CN%3Bstar.owlcarousel%2C1.0.1%2CN%3Bstatistic%2C21.0.0%2CN%3Bstoreassist%2C21.0.0%2CN%3Bsubscribe%2C21.0.0%2CN%3Bsupport%2C21.0.0%2CN%3Btranslate%2C21.100.0%2CN%3Bui%2C21.300.0%2CN%3Bvote%2C21.0.0%2CN%3Bwebservice%2C21.0.0%2CN%3Bwiki%2C21.100.0%2CN%3Bworkflow%2C21.0.0%2CN&reqm=bitrix.eshop%2Cbitrix.sitecommunity%2Cbitrix.sitecorporate%2Cbitrix.siteinfoportal%2Cbitrix.sitepersonal%2Cstar.owlcarousel&fullmoduleinfo=Y&SUPD_SRS=RU&SUPD_CMP=N
2022-02-03 09:55:39 -  - exec CUpdateClientPartner::GetHTTPPage
2022-02-03 09:55:39 -  - TIME GetUpdatesList(request) 0.236 sec
2022-02-03 09:55:39 -  - exec CUpdateClientPartner::ParseServerData
2022-02-21 09:24:20 -  - exec CUpdateClientPartner::__CollectRequestData
2022-02-21 09:24:20 -  - exec CUpdateClientPartner::GetHTTPPage
2022-02-21 09:24:20 -  - exec CUpdateClientPartner::ParseServerData
2022-02-21 09:24:20 -  - exec CUpdateClientPartner::GetUpdatesList
2022-02-21 09:24:20 -  - exec CUpdateClientPartner::__CollectRequestData
2022-02-21 09:24:20 -  - utf=Y&lang=ru&stable=Y&CANGZIP=Y&SUPD_DBS=MYSQL&XE=N&CLIENT_SITE=iceking.kz&LICENSE_KEY=X&SUPD_STS=1&SUPD_URS=0&SUPD_URSA=1&TYPENC=D&CLIENT_PHPVER=7.4.21&NGINX=Y&dbv=10.5.11&instm=main%2C21.400.100%2CY%3Babtest%2C21.0.0%2CN%3Badvertising%2C21.100.0%2CN%3Bb24connector%2C21.0.0%2CN%3Bbitrix.eshop%2C21.0.100%2CN%3Bbitrix.sitecommunity%2C15.5.0%2CN%3Bbitrix.sitecorporate%2C15.5.0%2CN%3Bbitrix.siteinfoportal%2C15.5.0%2CN%3Bbitrix.sitepersonal%2C15.5.0%2CN%3Bbitrixcloud%2C21.0.0%2CN%3Bbizproc%2C21.200.200%2CN%3Bbizprocdesigner%2C21.100.0%2CN%3Bblog%2C21.200.0%2CN%3Bcalendar%2C21.200.0%2CN%3Bcatalog%2C21.200.0%2CN%3Bclouds%2C21.100.0%2CN%3Bconversion%2C21.0.0%2CN%3Bcurrency%2C21.100.0%2CN%3Bfileman%2C21.200.0%2CN%3Bform%2C21.0.0%2CN%3Bforum%2C21.100.0%2CN%3Bhighloadblock%2C21.100.0%2CN%3Biblock%2C21.400.100%2CN%3Bidea%2C21.0.0%2CN%3Bim%2C21.300.100%2CN%3Blanding%2C21.300.300%2CN%3Blearning%2C21.0.0%2CN%3Blists%2C21.100.0%2CN%3Bmail%2C21.100.100%2CN%3Bmessageservice%2C21.100.0%2CN%3Bmobileapp%2C21.0.50%2CN%3Bperfmon%2C21.0.0%2CN%3Bphotogallery%2C21.0.0%2CN%3Bpull%2C21.200.0%2CN%3Breport%2C21.100.0%2CN%3Brest%2C21.200.0%2CN%3Bsale%2C21.400.0%2CN%3Bscale%2C21.0.0%2CN%3Bsearch%2C21.0.100%2CN%3Bsecurity%2C21.0.0%2CN%3Bsender%2C21.100.100%2CN%3Bseo%2C21.300.0%2CN%3Bsocialnetwork%2C21.350.0%2CN%3Bsocialservices%2C21.100.0%2CN%3Bstar.owlcarousel%2C1.0.1%2CN%3Bstatistic%2C21.0.0%2CN%3Bstoreassist%2C21.0.0%2CN%3Bsubscribe%2C21.0.0%2CN%3Bsupport%2C21.0.0%2CN%3Btranslate%2C21.100.0%2CN%3Bui%2C21.300.0%2CN%3Bvote%2C21.0.0%2CN%3Bwebservice%2C21.0.0%2CN%3Bwiki%2C21.100.0%2CN%3Bworkflow%2C21.0.0%2CN&reqm=bitrix.eshop%2Cbitrix.sitecommunity%2Cbitrix.sitecorporate%2Cbitrix.siteinfoportal%2Cbitrix.sitepersonal%2Cstar.owlcarousel&fullmoduleinfo=Y&SUPD_SRS=RU&SUPD_CMP=N
2022-02-21 09:24:20 -  - exec CUpdateClientPartner::GetHTTPPage
2022-02-21 09:24:20 -  - TIME GetUpdatesList(request) 0.225 sec
2022-02-21 09:24:20 -  - exec CUpdateClientPartner::ParseServerData
2022-02-21 09:24:20 -  - exec CUpdateClientPartner::__CollectRequestData
2022-02-21 09:24:20 -  - exec CUpdateClientPartner::GetHTTPPage
2022-02-21 09:24:21 -  - exec CUpdateClientPartner::ParseServerData
2022-02-21 09:24:24 -  - exec CUpdateClientPartner::__CollectRequestData
2022-02-21 09:24:24 -  - exec CUpdateClientPartner::GetHTTPPage
2022-02-21 09:24:25 -  - exec CUpdateClientPartner::ParseServerData
2022-02-21 09:24:25 -  - exec CUpdateClientPartner::GetUpdatesList
2022-02-21 09:24:25 -  - exec CUpdateClientPartner::__CollectRequestData
2022-02-21 09:24:25 -  - utf=Y&lang=ru&stable=Y&CANGZIP=Y&SUPD_DBS=MYSQL&XE=N&CLIENT_SITE=iceking.kz&LICENSE_KEY=X&SUPD_STS=1&SUPD_URS=0&SUPD_URSA=1&TYPENC=D&CLIENT_PHPVER=7.4.21&NGINX=Y&dbv=10.5.11&instm=main%2C21.400.100%2CY%3Babtest%2C21.0.0%2CN%3Badvertising%2C21.100.0%2CN%3Bb24connector%2C21.0.0%2CN%3Bbitrix.eshop%2C21.0.100%2CN%3Bbitrix.sitecommunity%2C15.5.0%2CN%3Bbitrix.sitecorporate%2C15.5.0%2CN%3Bbitrix.siteinfoportal%2C15.5.0%2CN%3Bbitrix.sitepersonal%2C15.5.0%2CN%3Bbitrixcloud%2C21.0.0%2CN%3Bbizproc%2C21.200.200%2CN%3Bbizprocdesigner%2C21.100.0%2CN%3Bblog%2C21.200.0%2CN%3Bcalendar%2C21.200.0%2CN%3Bcatalog%2C21.200.0%2CN%3Bclouds%2C21.100.0%2CN%3Bconversion%2C21.0.0%2CN%3Bcurrency%2C21.100.0%2CN%3Bfileman%2C21.200.0%2CN%3Bform%2C21.0.0%2CN%3Bforum%2C21.100.0%2CN%3Bhighloadblock%2C21.100.0%2CN%3Biblock%2C21.400.100%2CN%3Bidea%2C21.0.0%2CN%3Bim%2C21.300.100%2CN%3Blanding%2C21.300.300%2CN%3Blearning%2C21.0.0%2CN%3Blists%2C21.100.0%2CN%3Bmail%2C21.100.100%2CN%3Bmessageservice%2C21.100.0%2CN%3Bmobileapp%2C21.0.50%2CN%3Bperfmon%2C21.0.0%2CN%3Bphotogallery%2C21.0.0%2CN%3Bpull%2C21.200.0%2CN%3Breport%2C21.100.0%2CN%3Brest%2C21.200.0%2CN%3Bsale%2C21.400.0%2CN%3Bscale%2C21.0.0%2CN%3Bsearch%2C21.0.100%2CN%3Bsecurity%2C21.0.0%2CN%3Bsender%2C21.100.100%2CN%3Bseo%2C21.300.0%2CN%3Bsocialnetwork%2C21.350.0%2CN%3Bsocialservices%2C21.100.0%2CN%3Bstar.owlcarousel%2C1.0.1%2CN%3Bstatistic%2C21.0.0%2CN%3Bstoreassist%2C21.0.0%2CN%3Bsubscribe%2C21.0.0%2CN%3Bsupport%2C21.0.0%2CN%3Btranslate%2C21.100.0%2CN%3Bui%2C21.300.0%2CN%3Bvote%2C21.0.0%2CN%3Bwebservice%2C21.0.0%2CN%3Bwiki%2C21.100.0%2CN%3Bworkflow%2C21.0.0%2CN&reqm=bitrix.eshop%2Cbitrix.sitecommunity%2Cbitrix.sitecorporate%2Cbitrix.siteinfoportal%2Cbitrix.sitepersonal%2Cstar.owlcarousel&fullmoduleinfo=Y&SUPD_SRS=RU&SUPD_CMP=N
2022-02-21 09:24:25 -  - exec CUpdateClientPartner::GetHTTPPage
2022-02-21 09:24:25 -  - TIME GetUpdatesList(request) 0.213 sec
2022-02-21 09:24:25 -  - exec CUpdateClientPartner::ParseServerData
2022-02-21 09:24:25 -  - exec CUpdateClientPartner::__CollectRequestData
2022-02-21 09:24:25 -  - exec CUpdateClientPartner::GetHTTPPage
2022-02-21 09:24:25 -  - exec CUpdateClientPartner::ParseServerData
2022-02-22 09:35:13 -  - exec CUpdateClientPartner::__CollectRequestData
2022-02-22 09:35:13 -  - exec CUpdateClientPartner::GetHTTPPage
2022-02-22 09:35:13 -  - exec CUpdateClientPartner::ParseServerData
2022-02-22 09:35:13 -  - exec CUpdateClientPartner::GetUpdatesList
2022-02-22 09:35:13 -  - exec CUpdateClientPartner::__CollectRequestData
2022-02-22 09:35:13 -  - utf=Y&lang=ru&stable=Y&CANGZIP=Y&SUPD_DBS=MYSQL&XE=N&CLIENT_SITE=iceking.kz&LICENSE_KEY=X&SUPD_STS=1&SUPD_URS=0&SUPD_URSA=1&TYPENC=D&CLIENT_PHPVER=7.4.21&NGINX=Y&dbv=10.5.11&instm=main%2C21.400.100%2CY%3Babtest%2C21.0.0%2CN%3Badvertising%2C21.100.0%2CN%3Bb24connector%2C21.0.0%2CN%3Bbitrix.eshop%2C21.0.100%2CN%3Bbitrix.sitecommunity%2C15.5.0%2CN%3Bbitrix.sitecorporate%2C15.5.0%2CN%3Bbitrix.siteinfoportal%2C15.5.0%2CN%3Bbitrix.sitepersonal%2C15.5.0%2CN%3Bbitrixcloud%2C21.0.0%2CN%3Bbizproc%2C21.200.200%2CN%3Bbizprocdesigner%2C21.100.0%2CN%3Bblog%2C21.200.0%2CN%3Bcalendar%2C21.200.0%2CN%3Bcatalog%2C21.200.0%2CN%3Bclouds%2C21.100.0%2CN%3Bconversion%2C21.0.0%2CN%3Bcurrency%2C21.100.0%2CN%3Bfileman%2C21.200.0%2CN%3Bform%2C21.0.0%2CN%3Bforum%2C21.100.0%2CN%3Bhighloadblock%2C21.100.0%2CN%3Biblock%2C21.400.100%2CN%3Bidea%2C21.0.0%2CN%3Bim%2C21.300.100%2CN%3Blanding%2C21.300.300%2CN%3Blearning%2C21.0.0%2CN%3Blists%2C21.100.0%2CN%3Bmail%2C21.100.100%2CN%3Bmessageservice%2C21.100.0%2CN%3Bmobileapp%2C21.0.50%2CN%3Bperfmon%2C21.0.0%2CN%3Bphotogallery%2C21.0.0%2CN%3Bpull%2C21.200.0%2CN%3Breport%2C21.100.0%2CN%3Brest%2C21.200.0%2CN%3Bsale%2C21.400.0%2CN%3Bscale%2C21.0.0%2CN%3Bsearch%2C21.0.100%2CN%3Bsecurity%2C21.0.0%2CN%3Bsender%2C21.100.100%2CN%3Bseo%2C21.300.0%2CN%3Bsocialnetwork%2C21.350.0%2CN%3Bsocialservices%2C21.100.0%2CN%3Bstar.owlcarousel%2C1.0.1%2CN%3Bstatistic%2C21.0.0%2CN%3Bstoreassist%2C21.0.0%2CN%3Bsubscribe%2C21.0.0%2CN%3Bsupport%2C21.0.0%2CN%3Btranslate%2C21.100.0%2CN%3Bui%2C21.300.0%2CN%3Bvote%2C21.0.0%2CN%3Bwebservice%2C21.0.0%2CN%3Bwiki%2C21.100.0%2CN%3Bworkflow%2C21.0.0%2CN&reqm=bitrix.eshop%2Cbitrix.sitecommunity%2Cbitrix.sitecorporate%2Cbitrix.siteinfoportal%2Cbitrix.sitepersonal%2Cstar.owlcarousel&fullmoduleinfo=Y&SUPD_SRS=RU&SUPD_CMP=N
2022-02-22 09:35:13 -  - exec CUpdateClientPartner::GetHTTPPage
2022-02-22 09:35:13 -  - TIME GetUpdatesList(request) 0.243 sec
2022-02-22 09:35:13 -  - exec CUpdateClientPartner::ParseServerData
2022-02-22 09:35:13 -  - exec CUpdateClientPartner::__CollectRequestData
2022-02-22 09:35:13 -  - exec CUpdateClientPartner::GetHTTPPage
2022-02-22 09:35:14 -  - exec CUpdateClientPartner::ParseServerData
2022-02-23 09:36:06 -  - exec CUpdateClientPartner::__CollectRequestData
2022-02-23 09:36:06 -  - exec CUpdateClientPartner::GetHTTPPage
2022-02-23 09:36:06 -  - exec CUpdateClientPartner::ParseServerData
2022-02-23 09:36:06 -  - exec CUpdateClientPartner::GetUpdatesList
2022-02-23 09:36:06 -  - exec CUpdateClientPartner::__CollectRequestData
2022-02-23 09:36:06 -  - utf=Y&lang=ru&stable=Y&CANGZIP=Y&SUPD_DBS=MYSQL&XE=N&CLIENT_SITE=iceking.kz&LICENSE_KEY=X&SUPD_STS=1&SUPD_URS=0&SUPD_URSA=1&TYPENC=D&CLIENT_PHPVER=7.4.21&NGINX=Y&dbv=10.5.11&instm=main%2C21.400.100%2CY%3Babtest%2C21.0.0%2CN%3Badvertising%2C21.100.0%2CN%3Bb24connector%2C21.0.0%2CN%3Bbitrix.eshop%2C21.0.100%2CN%3Bbitrix.sitecommunity%2C15.5.0%2CN%3Bbitrix.sitecorporate%2C15.5.0%2CN%3Bbitrix.siteinfoportal%2C15.5.0%2CN%3Bbitrix.sitepersonal%2C15.5.0%2CN%3Bbitrixcloud%2C21.0.0%2CN%3Bbizproc%2C21.200.200%2CN%3Bbizprocdesigner%2C21.100.0%2CN%3Bblog%2C21.200.0%2CN%3Bcalendar%2C21.200.0%2CN%3Bcatalog%2C21.200.0%2CN%3Bclouds%2C21.100.0%2CN%3Bconversion%2C21.0.0%2CN%3Bcurrency%2C21.100.0%2CN%3Bfileman%2C21.200.0%2CN%3Bform%2C21.0.0%2CN%3Bforum%2C21.100.0%2CN%3Bhighloadblock%2C21.100.0%2CN%3Biblock%2C21.400.100%2CN%3Bidea%2C21.0.0%2CN%3Bim%2C21.300.100%2CN%3Blanding%2C21.300.300%2CN%3Blearning%2C21.0.0%2CN%3Blists%2C21.100.0%2CN%3Bmail%2C21.100.100%2CN%3Bmessageservice%2C21.100.0%2CN%3Bmobileapp%2C21.0.50%2CN%3Bperfmon%2C21.0.0%2CN%3Bphotogallery%2C21.0.0%2CN%3Bpull%2C21.200.0%2CN%3Breport%2C21.100.0%2CN%3Brest%2C21.200.0%2CN%3Bsale%2C21.400.0%2CN%3Bscale%2C21.0.0%2CN%3Bsearch%2C21.0.100%2CN%3Bsecurity%2C21.0.0%2CN%3Bsender%2C21.100.100%2CN%3Bseo%2C21.300.0%2CN%3Bsocialnetwork%2C21.350.0%2CN%3Bsocialservices%2C21.100.0%2CN%3Bstar.owlcarousel%2C1.0.1%2CN%3Bstatistic%2C21.0.0%2CN%3Bstoreassist%2C21.0.0%2CN%3Bsubscribe%2C21.0.0%2CN%3Bsupport%2C21.0.0%2CN%3Btranslate%2C21.100.0%2CN%3Bui%2C21.300.0%2CN%3Bvote%2C21.0.0%2CN%3Bwebservice%2C21.0.0%2CN%3Bwiki%2C21.100.0%2CN%3Bworkflow%2C21.0.0%2CN&reqm=bitrix.eshop%2Cbitrix.sitecommunity%2Cbitrix.sitecorporate%2Cbitrix.siteinfoportal%2Cbitrix.sitepersonal%2Cstar.owlcarousel&fullmoduleinfo=Y&SUPD_SRS=RU&SUPD_CMP=N
2022-02-23 09:36:06 -  - exec CUpdateClientPartner::GetHTTPPage
2022-02-23 09:36:06 -  - TIME GetUpdatesList(request) 0.211 sec
2022-02-23 09:36:06 -  - exec CUpdateClientPartner::ParseServerData
2022-02-23 09:36:06 -  - exec CUpdateClientPartner::__CollectRequestData
2022-02-23 09:36:06 -  - exec CUpdateClientPartner::GetHTTPPage
2022-02-23 09:36:07 -  - exec CUpdateClientPartner::ParseServerData
2022-02-24 09:49:03 -  - exec CUpdateClientPartner::__CollectRequestData
2022-02-24 09:49:03 -  - exec CUpdateClientPartner::GetHTTPPage
2022-02-24 09:49:03 -  - exec CUpdateClientPartner::ParseServerData
2022-02-24 09:49:03 -  - exec CUpdateClientPartner::GetUpdatesList
2022-02-24 09:49:03 -  - exec CUpdateClientPartner::__CollectRequestData
2022-02-24 09:49:03 -  - utf=Y&lang=ru&stable=Y&CANGZIP=Y&SUPD_DBS=MYSQL&XE=N&CLIENT_SITE=iceking.kz&LICENSE_KEY=X&SUPD_STS=1&SUPD_URS=0&SUPD_URSA=1&TYPENC=D&CLIENT_PHPVER=7.4.21&NGINX=Y&dbv=10.5.11&instm=main%2C21.400.100%2CY%3Babtest%2C21.0.0%2CN%3Badvertising%2C21.100.0%2CN%3Bb24connector%2C21.0.0%2CN%3Bbitrix.eshop%2C21.0.100%2CN%3Bbitrix.sitecommunity%2C15.5.0%2CN%3Bbitrix.sitecorporate%2C15.5.0%2CN%3Bbitrix.siteinfoportal%2C15.5.0%2CN%3Bbitrix.sitepersonal%2C15.5.0%2CN%3Bbitrixcloud%2C21.0.0%2CN%3Bbizproc%2C21.200.200%2CN%3Bbizprocdesigner%2C21.100.0%2CN%3Bblog%2C21.200.0%2CN%3Bcalendar%2C21.200.0%2CN%3Bcatalog%2C21.200.0%2CN%3Bclouds%2C21.100.0%2CN%3Bconversion%2C21.0.0%2CN%3Bcurrency%2C21.100.0%2CN%3Bfileman%2C21.200.0%2CN%3Bform%2C21.0.0%2CN%3Bforum%2C21.100.0%2CN%3Bhighloadblock%2C21.100.0%2CN%3Biblock%2C21.400.100%2CN%3Bidea%2C21.0.0%2CN%3Bim%2C21.300.100%2CN%3Blanding%2C21.300.300%2CN%3Blearning%2C21.0.0%2CN%3Blists%2C21.100.0%2CN%3Bmail%2C21.100.100%2CN%3Bmessageservice%2C21.100.0%2CN%3Bmobileapp%2C21.0.50%2CN%3Bperfmon%2C21.0.0%2CN%3Bphotogallery%2C21.0.0%2CN%3Bpull%2C21.200.0%2CN%3Breport%2C21.100.0%2CN%3Brest%2C21.200.0%2CN%3Bsale%2C21.400.0%2CN%3Bscale%2C21.0.0%2CN%3Bsearch%2C21.0.100%2CN%3Bsecurity%2C21.0.0%2CN%3Bsender%2C21.100.100%2CN%3Bseo%2C21.300.0%2CN%3Bsocialnetwork%2C21.350.0%2CN%3Bsocialservices%2C21.100.0%2CN%3Bstar.owlcarousel%2C1.0.1%2CN%3Bstatistic%2C21.0.0%2CN%3Bstoreassist%2C21.0.0%2CN%3Bsubscribe%2C21.0.0%2CN%3Bsupport%2C21.0.0%2CN%3Btranslate%2C21.100.0%2CN%3Bui%2C21.300.0%2CN%3Bvote%2C21.0.0%2CN%3Bwebservice%2C21.0.0%2CN%3Bwiki%2C21.100.0%2CN%3Bworkflow%2C21.0.0%2CN&reqm=bitrix.eshop%2Cbitrix.sitecommunity%2Cbitrix.sitecorporate%2Cbitrix.siteinfoportal%2Cbitrix.sitepersonal%2Cstar.owlcarousel&fullmoduleinfo=Y&SUPD_SRS=RU&SUPD_CMP=N
2022-02-24 09:49:03 -  - exec CUpdateClientPartner::GetHTTPPage
2022-02-24 09:49:03 -  - TIME GetUpdatesList(request) 0.213 sec
2022-02-24 09:49:03 -  - exec CUpdateClientPartner::ParseServerData
2022-02-24 09:49:03 -  - exec CUpdateClientPartner::__CollectRequestData
2022-02-24 09:49:03 -  - exec CUpdateClientPartner::GetHTTPPage
2022-02-24 09:49:04 -  - exec CUpdateClientPartner::ParseServerData
2022-02-25 09:56:02 -  - exec CUpdateClientPartner::__CollectRequestData
2022-02-25 09:56:02 -  - exec CUpdateClientPartner::GetHTTPPage
2022-02-25 09:56:03 -  - exec CUpdateClientPartner::ParseServerData
2022-02-25 09:56:03 -  - exec CUpdateClientPartner::GetUpdatesList
2022-02-25 09:56:03 -  - exec CUpdateClientPartner::__CollectRequestData
2022-02-25 09:56:03 -  - utf=Y&lang=ru&stable=Y&CANGZIP=Y&SUPD_DBS=MYSQL&XE=N&CLIENT_SITE=iceking.kz&LICENSE_KEY=X&SUPD_STS=1&SUPD_URS=0&SUPD_URSA=1&TYPENC=D&CLIENT_PHPVER=7.4.21&NGINX=Y&dbv=10.5.11&instm=main%2C21.400.100%2CY%3Babtest%2C21.0.0%2CN%3Badvertising%2C21.100.0%2CN%3Bb24connector%2C21.0.0%2CN%3Bbitrix.eshop%2C21.0.100%2CN%3Bbitrix.sitecommunity%2C15.5.0%2CN%3Bbitrix.sitecorporate%2C15.5.0%2CN%3Bbitrix.siteinfoportal%2C15.5.0%2CN%3Bbitrix.sitepersonal%2C15.5.0%2CN%3Bbitrixcloud%2C21.0.0%2CN%3Bbizproc%2C21.200.200%2CN%3Bbizprocdesigner%2C21.100.0%2CN%3Bblog%2C21.200.0%2CN%3Bcalendar%2C21.200.0%2CN%3Bcatalog%2C21.200.0%2CN%3Bclouds%2C21.100.0%2CN%3Bconversion%2C21.0.0%2CN%3Bcurrency%2C21.100.0%2CN%3Bfileman%2C21.200.0%2CN%3Bform%2C21.0.0%2CN%3Bforum%2C21.100.0%2CN%3Bhighloadblock%2C21.100.0%2CN%3Biblock%2C21.400.100%2CN%3Bidea%2C21.0.0%2CN%3Bim%2C21.300.100%2CN%3Blanding%2C21.300.300%2CN%3Blearning%2C21.0.0%2CN%3Blists%2C21.100.0%2CN%3Bmail%2C21.100.100%2CN%3Bmessageservice%2C21.100.0%2CN%3Bmobileapp%2C21.0.50%2CN%3Bperfmon%2C21.0.0%2CN%3Bphotogallery%2C21.0.0%2CN%3Bpull%2C21.200.0%2CN%3Breport%2C21.100.0%2CN%3Brest%2C21.200.0%2CN%3Bsale%2C21.400.0%2CN%3Bscale%2C21.0.0%2CN%3Bsearch%2C21.0.100%2CN%3Bsecurity%2C21.0.0%2CN%3Bsender%2C21.100.100%2CN%3Bseo%2C21.300.0%2CN%3Bsocialnetwork%2C21.350.0%2CN%3Bsocialservices%2C21.100.0%2CN%3Bstar.owlcarousel%2C1.0.1%2CN%3Bstatistic%2C21.0.0%2CN%3Bstoreassist%2C21.0.0%2CN%3Bsubscribe%2C21.0.0%2CN%3Bsupport%2C21.0.0%2CN%3Btranslate%2C21.100.0%2CN%3Bui%2C21.300.0%2CN%3Bvote%2C21.0.0%2CN%3Bwebservice%2C21.0.0%2CN%3Bwiki%2C21.100.0%2CN%3Bworkflow%2C21.0.0%2CN&reqm=bitrix.eshop%2Cbitrix.sitecommunity%2Cbitrix.sitecorporate%2Cbitrix.siteinfoportal%2Cbitrix.sitepersonal%2Cstar.owlcarousel&fullmoduleinfo=Y&SUPD_SRS=RU&SUPD_CMP=N
2022-02-25 09:56:03 -  - exec CUpdateClientPartner::GetHTTPPage
2022-02-25 09:56:03 -  - TIME GetUpdatesList(request) 0.23 sec
2022-02-25 09:56:03 -  - exec CUpdateClientPartner::ParseServerData
2022-02-25 09:56:03 -  - exec CUpdateClientPartner::__CollectRequestData
2022-02-25 09:56:03 -  - exec CUpdateClientPartner::GetHTTPPage
2022-02-25 09:56:03 -  - exec CUpdateClientPartner::ParseServerData
2022-02-28 09:44:39 -  - exec CUpdateClientPartner::__CollectRequestData
2022-02-28 09:44:39 -  - exec CUpdateClientPartner::GetHTTPPage
2022-02-28 09:44:39 -  - exec CUpdateClientPartner::ParseServerData
2022-02-28 09:44:39 -  - exec CUpdateClientPartner::GetUpdatesList
2022-02-28 09:44:39 -  - exec CUpdateClientPartner::__CollectRequestData
2022-02-28 09:44:39 -  - utf=Y&lang=ru&stable=Y&CANGZIP=Y&SUPD_DBS=MYSQL&XE=N&CLIENT_SITE=iceking.kz&LICENSE_KEY=X&SUPD_STS=1&SUPD_URS=0&SUPD_URSA=1&TYPENC=D&CLIENT_PHPVER=7.4.21&NGINX=Y&dbv=10.5.11&instm=main%2C21.400.100%2CY%3Babtest%2C21.0.0%2CN%3Badvertising%2C21.100.0%2CN%3Bb24connector%2C21.0.0%2CN%3Bbitrix.eshop%2C21.0.100%2CN%3Bbitrix.sitecommunity%2C15.5.0%2CN%3Bbitrix.sitecorporate%2C15.5.0%2CN%3Bbitrix.siteinfoportal%2C15.5.0%2CN%3Bbitrix.sitepersonal%2C15.5.0%2CN%3Bbitrixcloud%2C21.0.0%2CN%3Bbizproc%2C21.200.200%2CN%3Bbizprocdesigner%2C21.100.0%2CN%3Bblog%2C21.200.0%2CN%3Bcalendar%2C21.200.0%2CN%3Bcatalog%2C21.200.0%2CN%3Bclouds%2C21.100.0%2CN%3Bconversion%2C21.0.0%2CN%3Bcurrency%2C21.100.0%2CN%3Bfileman%2C21.200.0%2CN%3Bform%2C21.0.0%2CN%3Bforum%2C21.100.0%2CN%3Bhighloadblock%2C21.100.0%2CN%3Biblock%2C21.400.100%2CN%3Bidea%2C21.0.0%2CN%3Bim%2C21.300.100%2CN%3Blanding%2C21.300.300%2CN%3Blearning%2C21.0.0%2CN%3Blists%2C21.100.0%2CN%3Bmail%2C21.100.100%2CN%3Bmessageservice%2C21.100.0%2CN%3Bmobileapp%2C21.0.50%2CN%3Bperfmon%2C21.0.0%2CN%3Bphotogallery%2C21.0.0%2CN%3Bpull%2C21.200.0%2CN%3Breport%2C21.100.0%2CN%3Brest%2C21.200.0%2CN%3Bsale%2C21.400.0%2CN%3Bscale%2C21.0.0%2CN%3Bsearch%2C21.0.100%2CN%3Bsecurity%2C21.0.0%2CN%3Bsender%2C21.100.100%2CN%3Bseo%2C21.300.0%2CN%3Bsocialnetwork%2C21.350.0%2CN%3Bsocialservices%2C21.100.0%2CN%3Bstar.owlcarousel%2C1.0.1%2CN%3Bstatistic%2C21.0.0%2CN%3Bstoreassist%2C21.0.0%2CN%3Bsubscribe%2C21.0.0%2CN%3Bsupport%2C21.0.0%2CN%3Btranslate%2C21.100.0%2CN%3Bui%2C21.300.0%2CN%3Bvote%2C21.0.0%2CN%3Bwebservice%2C21.0.0%2CN%3Bwiki%2C21.100.0%2CN%3Bworkflow%2C21.0.0%2CN&reqm=bitrix.eshop%2Cbitrix.sitecommunity%2Cbitrix.sitecorporate%2Cbitrix.siteinfoportal%2Cbitrix.sitepersonal%2Cstar.owlcarousel&fullmoduleinfo=Y&SUPD_SRS=RU&SUPD_CMP=N
2022-02-28 09:44:39 -  - exec CUpdateClientPartner::GetHTTPPage
2022-02-28 09:44:39 -  - TIME GetUpdatesList(request) 0.22 sec
2022-02-28 09:44:39 -  - exec CUpdateClientPartner::ParseServerData
2022-02-28 09:44:39 -  - exec CUpdateClientPartner::__CollectRequestData
2022-02-28 09:44:39 -  - exec CUpdateClientPartner::GetHTTPPage
2022-02-28 09:44:40 -  - exec CUpdateClientPartner::ParseServerData
2022-03-01 09:50:16 -  - exec CUpdateClientPartner::__CollectRequestData
2022-03-01 09:50:16 -  - exec CUpdateClientPartner::GetHTTPPage
2022-03-01 09:50:16 -  - exec CUpdateClientPartner::ParseServerData
2022-03-01 09:50:16 -  - exec CUpdateClientPartner::GetUpdatesList
2022-03-01 09:50:16 -  - exec CUpdateClientPartner::__CollectRequestData
2022-03-01 09:50:16 -  - utf=Y&lang=ru&stable=Y&CANGZIP=Y&SUPD_DBS=MYSQL&XE=N&CLIENT_SITE=iceking.kz&LICENSE_KEY=X&SUPD_STS=1&SUPD_URS=0&SUPD_URSA=1&TYPENC=D&CLIENT_PHPVER=7.4.21&NGINX=Y&dbv=10.5.11&instm=main%2C21.400.100%2CY%3Babtest%2C21.0.0%2CN%3Badvertising%2C21.100.0%2CN%3Bb24connector%2C21.0.0%2CN%3Bbitrix.eshop%2C21.0.100%2CN%3Bbitrix.sitecommunity%2C15.5.0%2CN%3Bbitrix.sitecorporate%2C15.5.0%2CN%3Bbitrix.siteinfoportal%2C15.5.0%2CN%3Bbitrix.sitepersonal%2C15.5.0%2CN%3Bbitrixcloud%2C21.0.0%2CN%3Bbizproc%2C21.200.200%2CN%3Bbizprocdesigner%2C21.100.0%2CN%3Bblog%2C21.200.0%2CN%3Bcalendar%2C21.200.0%2CN%3Bcatalog%2C21.200.0%2CN%3Bclouds%2C21.100.0%2CN%3Bconversion%2C21.0.0%2CN%3Bcurrency%2C21.100.0%2CN%3Bfileman%2C21.200.0%2CN%3Bform%2C21.0.0%2CN%3Bforum%2C21.100.0%2CN%3Bhighloadblock%2C21.100.0%2CN%3Biblock%2C21.400.100%2CN%3Bidea%2C21.0.0%2CN%3Bim%2C21.300.100%2CN%3Blanding%2C21.300.300%2CN%3Blearning%2C21.0.0%2CN%3Blists%2C21.100.0%2CN%3Bmail%2C21.100.100%2CN%3Bmessageservice%2C21.100.0%2CN%3Bmobileapp%2C21.0.50%2CN%3Bperfmon%2C21.0.0%2CN%3Bphotogallery%2C21.0.0%2CN%3Bpull%2C21.200.0%2CN%3Breport%2C21.100.0%2CN%3Brest%2C21.200.0%2CN%3Bsale%2C21.400.0%2CN%3Bscale%2C21.0.0%2CN%3Bsearch%2C21.0.100%2CN%3Bsecurity%2C21.0.0%2CN%3Bsender%2C21.100.100%2CN%3Bseo%2C21.300.0%2CN%3Bsocialnetwork%2C21.350.0%2CN%3Bsocialservices%2C21.100.0%2CN%3Bstar.owlcarousel%2C1.0.1%2CN%3Bstatistic%2C21.0.0%2CN%3Bstoreassist%2C21.0.0%2CN%3Bsubscribe%2C21.0.0%2CN%3Bsupport%2C21.0.0%2CN%3Btranslate%2C21.100.0%2CN%3Bui%2C21.300.0%2CN%3Bvote%2C21.0.0%2CN%3Bwebservice%2C21.0.0%2CN%3Bwiki%2C21.100.0%2CN%3Bworkflow%2C21.0.0%2CN&reqm=bitrix.eshop%2Cbitrix.sitecommunity%2Cbitrix.sitecorporate%2Cbitrix.siteinfoportal%2Cbitrix.sitepersonal%2Cstar.owlcarousel&fullmoduleinfo=Y&SUPD_SRS=RU&SUPD_CMP=N
2022-03-01 09:50:16 -  - exec CUpdateClientPartner::GetHTTPPage
2022-03-01 09:50:16 -  - TIME GetUpdatesList(request) 0.214 sec
2022-03-01 09:50:16 -  - exec CUpdateClientPartner::ParseServerData
2022-03-01 09:50:16 -  - exec CUpdateClientPartner::__CollectRequestData
2022-03-01 09:50:16 -  - exec CUpdateClientPartner::GetHTTPPage
2022-03-01 09:50:17 -  - exec CUpdateClientPartner::ParseServerData
2022-03-02 10:03:15 -  - exec CUpdateClientPartner::__CollectRequestData
2022-03-02 10:03:15 -  - exec CUpdateClientPartner::GetHTTPPage
2022-03-02 10:03:15 -  - exec CUpdateClientPartner::ParseServerData
2022-03-02 10:03:15 -  - exec CUpdateClientPartner::GetUpdatesList
2022-03-02 10:03:15 -  - exec CUpdateClientPartner::__CollectRequestData
2022-03-02 10:03:15 -  - utf=Y&lang=ru&stable=Y&CANGZIP=Y&SUPD_DBS=MYSQL&XE=N&CLIENT_SITE=iceking.kz&LICENSE_KEY=X&SUPD_STS=1&SUPD_URS=0&SUPD_URSA=1&TYPENC=D&CLIENT_PHPVER=7.4.21&NGINX=Y&dbv=10.5.11&instm=main%2C21.400.100%2CY%3Babtest%2C21.0.0%2CN%3Badvertising%2C21.100.0%2CN%3Bb24connector%2C21.0.0%2CN%3Bbitrix.eshop%2C21.0.100%2CN%3Bbitrix.sitecommunity%2C15.5.0%2CN%3Bbitrix.sitecorporate%2C15.5.0%2CN%3Bbitrix.siteinfoportal%2C15.5.0%2CN%3Bbitrix.sitepersonal%2C15.5.0%2CN%3Bbitrixcloud%2C21.0.0%2CN%3Bbizproc%2C21.200.200%2CN%3Bbizprocdesigner%2C21.100.0%2CN%3Bblog%2C21.200.0%2CN%3Bcalendar%2C21.200.0%2CN%3Bcatalog%2C21.200.0%2CN%3Bclouds%2C21.100.0%2CN%3Bconversion%2C21.0.0%2CN%3Bcurrency%2C21.100.0%2CN%3Bfileman%2C21.200.0%2CN%3Bform%2C21.0.0%2CN%3Bforum%2C21.100.0%2CN%3Bhighloadblock%2C21.100.0%2CN%3Biblock%2C21.400.100%2CN%3Bidea%2C21.0.0%2CN%3Bim%2C21.300.100%2CN%3Blanding%2C21.300.300%2CN%3Blearning%2C21.0.0%2CN%3Blists%2C21.100.0%2CN%3Bmail%2C21.100.100%2CN%3Bmessageservice%2C21.100.0%2CN%3Bmobileapp%2C21.0.50%2CN%3Bperfmon%2C21.0.0%2CN%3Bphotogallery%2C21.0.0%2CN%3Bpull%2C21.200.0%2CN%3Breport%2C21.100.0%2CN%3Brest%2C21.200.0%2CN%3Bsale%2C21.400.0%2CN%3Bscale%2C21.0.0%2CN%3Bsearch%2C21.0.100%2CN%3Bsecurity%2C21.0.0%2CN%3Bsender%2C21.100.100%2CN%3Bseo%2C21.300.0%2CN%3Bsocialnetwork%2C21.350.0%2CN%3Bsocialservices%2C21.100.0%2CN%3Bstar.owlcarousel%2C1.0.1%2CN%3Bstatistic%2C21.0.0%2CN%3Bstoreassist%2C21.0.0%2CN%3Bsubscribe%2C21.0.0%2CN%3Bsupport%2C21.0.0%2CN%3Btranslate%2C21.100.0%2CN%3Bui%2C21.300.0%2CN%3Bvote%2C21.0.0%2CN%3Bwebservice%2C21.0.0%2CN%3Bwiki%2C21.100.0%2CN%3Bworkflow%2C21.0.0%2CN&reqm=bitrix.eshop%2Cbitrix.sitecommunity%2Cbitrix.sitecorporate%2Cbitrix.siteinfoportal%2Cbitrix.sitepersonal%2Cstar.owlcarousel&fullmoduleinfo=Y&SUPD_SRS=RU&SUPD_CMP=N
2022-03-02 10:03:15 -  - exec CUpdateClientPartner::GetHTTPPage
2022-03-02 10:03:16 -  - TIME GetUpdatesList(request) 0.2 sec
2022-03-02 10:03:16 -  - exec CUpdateClientPartner::ParseServerData
2022-03-02 10:03:16 -  - exec CUpdateClientPartner::__CollectRequestData
2022-03-02 10:03:16 -  - exec CUpdateClientPartner::GetHTTPPage
2022-03-02 10:03:16 -  - exec CUpdateClientPartner::ParseServerData
