2022-03-02 13:29:12 -  - exec CUpdateClient::GetUpdatesList
2022-03-02 13:29:12 -  - exec CUpdateClient::CollectRequestData
2022-03-02 13:29:13 -  - LICENSE_KEY=X&lang=ru&SUPD_VER=20.600.1&VERSION=21.400.100&TYPENC=D&SUPD_STS=1&SUPD_URS=0&SUPD_DBS=MYSQL&XE=N&CLIENT_SITE=iceking.kz&CHHB=iceking.kz&CSAB=127.0.0.1&SUID=b3d6d1e5d378f1b3ceb81e1c2b410c46&CANGZIP=Y&CLIENT_PHPVER=7.4.21&stable=Y&mbfo=0&NGINX=Y&SMD=N&rerere=Y&bitm_main=21.400.100&bitm_abtest=21.0.0&bitm_advertising=21.100.0&bitm_b24connector=21.0.0&bitm_bitrixcloud=21.0.0&bitm_bizproc=21.200.200&bitm_bizprocdesigner=21.100.0&bitm_blog=21.200.0&bitm_calendar=21.200.0&bitm_catalog=21.200.0&bitm_clouds=21.100.0&bitm_conversion=21.0.0&bitm_currency=21.100.0&bitm_fileman=21.200.0&bitm_form=21.0.0&bitm_forum=21.100.0&bitm_highloadblock=21.100.0&bitm_iblock=21.400.100&bitm_idea=21.0.0&bitm_im=21.300.100&bitm_landing=21.300.300&bitm_learning=21.0.0&bitm_lists=21.100.0&bitm_mail=21.100.100&bitm_messageservice=21.100.0&bitm_mobileapp=21.0.50&bitm_perfmon=21.0.0&bitm_photogallery=21.0.0&bitm_pull=21.200.0&bitm_report=21.100.0&bitm_rest=21.200.0&bitm_sale=21.400.0&bitm_scale=21.0.0&bitm_search=21.0.100&bitm_security=21.0.0&bitm_sender=21.100.100&bitm_seo=21.300.0&bitm_socialnetwork=21.350.0&bitm_socialservices=21.100.0&bitm_statistic=21.0.0&bitm_storeassist=21.0.0&bitm_subscribe=21.0.0&bitm_support=21.0.0&bitm_translate=21.100.0&bitm_ui=21.300.0&bitm_vote=21.0.0&bitm_webservice=21.0.0&bitm_wiki=21.100.0&bitm_workflow=21.0.0&bitl_en=&bitl_ru=&SUPD_SRS=RU&SUPD_CMP=N&SALE_15=Y&LICENSE_SIGNED=%7Enew_license18_0_sign-N
2022-03-02 13:29:13 -  - exec CUpdateClient::GetHTTPPage
2022-03-02 13:29:13 -  - TIME GetUpdatesList(request) 0.207 sec
2022-03-02 13:29:13 -  - exec CUpdateClient::ParseServerData
2022-03-02 13:29:24 -  - exec CUpdateClient::UpdateUpdate
2022-03-02 13:29:24 -  - exec CUpdateClient::CollectRequestData
2022-03-02 13:29:24 -  - LICENSE_KEY=X&lang=ru&SUPD_VER=20.600.1&VERSION=21.400.100&TYPENC=D&SUPD_STS=1&SUPD_URS=0&SUPD_DBS=MYSQL&XE=N&CLIENT_SITE=iceking.kz&CHHB=iceking.kz&CSAB=127.0.0.1&SUID=b3d6d1e5d378f1b3ceb81e1c2b410c46&CANGZIP=Y&CLIENT_PHPVER=7.4.21&stable=Y&mbfo=0&NGINX=Y&SMD=N&rerere=Y&bitm_main=21.400.100&bitm_abtest=21.0.0&bitm_advertising=21.100.0&bitm_b24connector=21.0.0&bitm_bitrixcloud=21.0.0&bitm_bizproc=21.200.200&bitm_bizprocdesigner=21.100.0&bitm_blog=21.200.0&bitm_calendar=21.200.0&bitm_catalog=21.200.0&bitm_clouds=21.100.0&bitm_conversion=21.0.0&bitm_currency=21.100.0&bitm_fileman=21.200.0&bitm_form=21.0.0&bitm_forum=21.100.0&bitm_highloadblock=21.100.0&bitm_iblock=21.400.100&bitm_idea=21.0.0&bitm_im=21.300.100&bitm_landing=21.300.300&bitm_learning=21.0.0&bitm_lists=21.100.0&bitm_mail=21.100.100&bitm_messageservice=21.100.0&bitm_mobileapp=21.0.50&bitm_perfmon=21.0.0&bitm_photogallery=21.0.0&bitm_pull=21.200.0&bitm_report=21.100.0&bitm_rest=21.200.0&bitm_sale=21.400.0&bitm_scale=21.0.0&bitm_search=21.0.100&bitm_security=21.0.0&bitm_sender=21.100.100&bitm_seo=21.300.0&bitm_socialnetwork=21.350.0&bitm_socialservices=21.100.0&bitm_statistic=21.0.0&bitm_storeassist=21.0.0&bitm_subscribe=21.0.0&bitm_support=21.0.0&bitm_translate=21.100.0&bitm_ui=21.300.0&bitm_vote=21.0.0&bitm_webservice=21.0.0&bitm_wiki=21.100.0&bitm_workflow=21.0.0&bitl_en=&bitl_ru=&SUPD_SRS=RU&SUPD_CMP=N&SALE_15=Y&LICENSE_SIGNED=%7Enew_license18_0_sign-Y&query_type=updateupdate
2022-03-02 13:29:24 -  - exec CUpdateClient::GetHTTPPage
2022-03-02 13:29:24 -  - TIME UpdateUpdate(request) 0.661 sec
2022-03-02 13:29:24 -  - exec CUpdateClient::UnGzipArchive
2022-03-02 13:29:25 -  - TIME UnGzipArchive 0.298 sec
2022-03-02 13:29:25 -  - exec CUpdateClient::ParseServerData
2022-03-02 13:29:25 - CURV - Update updated successfully!
2022-03-02 13:29:25 - UPD_SUCCESS - Update system updated
2022-03-02 13:29:26 -  - exec CUpdateClient::GetUpdatesList
2022-03-02 13:29:26 -  - exec CUpdateClient::CollectRequestData
2022-03-02 13:29:26 -  - LICENSE_KEY=X&lang=ru&SUPD_VER=21.1200.0&VERSION=21.400.100&TYPENC=D&SUPD_STS=1&SUPD_URS=0&SUPD_DBS=MYSQL&XE=N&CLIENT_SITE=iceking.kz&CHHB=iceking.kz&CSAB=127.0.0.1&SUID=b3d6d1e5d378f1b3ceb81e1c2b410c46&CANGZIP=Y&CLIENT_PHPVER=7.4.21&stable=Y&mbfo=0&NGINX=Y&SMD=N&rerere=Y&bitm_main=21.400.100&bitm_abtest=21.0.0&bitm_advertising=21.100.0&bitm_b24connector=21.0.0&bitm_bitrixcloud=21.0.0&bitm_bizproc=21.200.200&bitm_bizprocdesigner=21.100.0&bitm_blog=21.200.0&bitm_calendar=21.200.0&bitm_catalog=21.200.0&bitm_clouds=21.100.0&bitm_conversion=21.0.0&bitm_currency=21.100.0&bitm_fileman=21.200.0&bitm_form=21.0.0&bitm_forum=21.100.0&bitm_highloadblock=21.100.0&bitm_iblock=21.400.100&bitm_idea=21.0.0&bitm_im=21.300.100&bitm_landing=21.300.300&bitm_learning=21.0.0&bitm_lists=21.100.0&bitm_mail=21.100.100&bitm_messageservice=21.100.0&bitm_mobileapp=21.0.50&bitm_perfmon=21.0.0&bitm_photogallery=21.0.0&bitm_pull=21.200.0&bitm_report=21.100.0&bitm_rest=21.200.0&bitm_sale=21.400.0&bitm_scale=21.0.0&bitm_search=21.0.100&bitm_security=21.0.0&bitm_sender=21.100.100&bitm_seo=21.300.0&bitm_socialnetwork=21.350.0&bitm_socialservices=21.100.0&bitm_statistic=21.0.0&bitm_storeassist=21.0.0&bitm_subscribe=21.0.0&bitm_support=21.0.0&bitm_translate=21.100.0&bitm_ui=21.300.0&bitm_vote=21.0.0&bitm_webservice=21.0.0&bitm_wiki=21.100.0&bitm_workflow=21.0.0&bitl_en=&bitl_ru=&SUPD_SRS=RU&SUPD_CMP=N&SALE_15=Y&LICENSE_SIGNED=%7Enew_license18_0_sign-Y
2022-03-02 13:29:26 -  - exec CUpdateClient::GetHTTPPage
2022-03-02 13:29:26 -  - TIME GetUpdatesList(request) 0.227 sec
2022-03-02 13:29:26 -  - exec CUpdateClient::ParseServerData
2022-03-02 13:30:26 -  - exec CUpdateClient::GetUpdatesList
2022-03-02 13:30:26 -  - exec CUpdateClient::CollectRequestData
2022-03-02 13:30:26 -  - LICENSE_KEY=X&lang=ru&SUPD_VER=21.1200.0&VERSION=21.400.100&TYPENC=D&SUPD_STS=1&SUPD_URS=0&SUPD_DBS=MYSQL&XE=N&CLIENT_SITE=iceking.kz&CHHB=iceking.kz&CSAB=127.0.0.1&SUID=b3d6d1e5d378f1b3ceb81e1c2b410c46&CANGZIP=Y&CLIENT_PHPVER=7.4.21&stable=Y&mbfo=0&NGINX=Y&SMD=N&rerere=Y&bitm_main=21.400.100&bitm_abtest=21.0.0&bitm_advertising=21.100.0&bitm_b24connector=21.0.0&bitm_bitrixcloud=21.0.0&bitm_bizproc=21.200.200&bitm_bizprocdesigner=21.100.0&bitm_blog=21.200.0&bitm_calendar=21.200.0&bitm_catalog=21.200.0&bitm_clouds=21.100.0&bitm_conversion=21.0.0&bitm_currency=21.100.0&bitm_fileman=21.200.0&bitm_form=21.0.0&bitm_forum=21.100.0&bitm_highloadblock=21.100.0&bitm_iblock=21.400.100&bitm_idea=21.0.0&bitm_im=21.300.100&bitm_landing=21.300.300&bitm_learning=21.0.0&bitm_lists=21.100.0&bitm_mail=21.100.100&bitm_messageservice=21.100.0&bitm_mobileapp=21.0.50&bitm_perfmon=21.0.0&bitm_photogallery=21.0.0&bitm_pull=21.200.0&bitm_report=21.100.0&bitm_rest=21.200.0&bitm_sale=21.400.0&bitm_scale=21.0.0&bitm_search=21.0.100&bitm_security=21.0.0&bitm_sender=21.100.100&bitm_seo=21.300.0&bitm_socialnetwork=21.350.0&bitm_socialservices=21.100.0&bitm_statistic=21.0.0&bitm_storeassist=21.0.0&bitm_subscribe=21.0.0&bitm_support=21.0.0&bitm_translate=21.100.0&bitm_ui=21.300.0&bitm_vote=21.0.0&bitm_webservice=21.0.0&bitm_wiki=21.100.0&bitm_workflow=21.0.0&bitl_en=&bitl_ru=&SUPD_SRS=RU&SUPD_CMP=N&SALE_15=Y&LICENSE_SIGNED=%7Enew_license18_0_sign-Y
2022-03-02 13:30:26 -  - exec CUpdateClient::GetHTTPPage
2022-03-02 13:30:26 -  - TIME GetUpdatesList(request) 0.224 sec
2022-03-02 13:30:26 -  - exec CUpdateClient::ParseServerData
2022-03-02 13:30:43 -  - exec CUpdateClient::GetUpdatesList
2022-03-02 13:30:43 -  - exec CUpdateClient::CollectRequestData
2022-03-02 13:30:43 -  - LICENSE_KEY=X&lang=ru&SUPD_VER=21.1200.0&VERSION=21.400.100&TYPENC=D&SUPD_STS=1&SUPD_URS=0&SUPD_DBS=MYSQL&XE=N&CLIENT_SITE=iceking.kz&CHHB=iceking.kz&CSAB=127.0.0.1&SUID=b3d6d1e5d378f1b3ceb81e1c2b410c46&CANGZIP=Y&CLIENT_PHPVER=7.4.21&stable=Y&mbfo=0&NGINX=Y&SMD=N&rerere=Y&bitm_main=21.400.100&bitm_abtest=21.0.0&bitm_advertising=21.100.0&bitm_b24connector=21.0.0&bitm_bitrixcloud=21.0.0&bitm_bizproc=21.200.200&bitm_bizprocdesigner=21.100.0&bitm_blog=21.200.0&bitm_calendar=21.200.0&bitm_catalog=21.200.0&bitm_clouds=21.100.0&bitm_conversion=21.0.0&bitm_currency=21.100.0&bitm_fileman=21.200.0&bitm_form=21.0.0&bitm_forum=21.100.0&bitm_highloadblock=21.100.0&bitm_iblock=21.400.100&bitm_idea=21.0.0&bitm_im=21.300.100&bitm_landing=21.300.300&bitm_learning=21.0.0&bitm_lists=21.100.0&bitm_mail=21.100.100&bitm_messageservice=21.100.0&bitm_mobileapp=21.0.50&bitm_perfmon=21.0.0&bitm_photogallery=21.0.0&bitm_pull=21.200.0&bitm_report=21.100.0&bitm_rest=21.200.0&bitm_sale=21.400.0&bitm_scale=21.0.0&bitm_search=21.0.100&bitm_security=21.0.0&bitm_sender=21.100.100&bitm_seo=21.300.0&bitm_socialnetwork=21.350.0&bitm_socialservices=21.100.0&bitm_statistic=21.0.0&bitm_storeassist=21.0.0&bitm_subscribe=21.0.0&bitm_support=21.0.0&bitm_translate=21.100.0&bitm_ui=21.300.0&bitm_vote=21.0.0&bitm_webservice=21.0.0&bitm_wiki=21.100.0&bitm_workflow=21.0.0&bitl_en=&bitl_ru=&SUPD_SRS=RU&SUPD_CMP=N&SALE_15=Y&LICENSE_SIGNED=%7Enew_license18_0_sign-Y
2022-03-02 13:30:43 -  - exec CUpdateClient::GetHTTPPage
2022-03-02 13:30:44 -  - TIME GetUpdatesList(request) 0.309 sec
2022-03-02 13:30:44 -  - exec CUpdateClient::ParseServerData
2022-03-02 13:30:46 -  - exec CUpdateClient::RegisterVersion
2022-03-02 13:30:46 -  - exec CUpdateClient::CollectRequestData
2022-03-02 13:30:46 -  - LICENSE_KEY=X&lang=ru&SUPD_VER=21.1200.0&VERSION=21.400.100&TYPENC=D&SUPD_STS=1&SUPD_URS=0&SUPD_DBS=MYSQL&XE=N&CLIENT_SITE=iceking.kz&CHHB=iceking.kz&CSAB=127.0.0.1&SUID=b3d6d1e5d378f1b3ceb81e1c2b410c46&CANGZIP=Y&CLIENT_PHPVER=7.4.21&stable=Y&mbfo=0&NGINX=Y&SMD=N&rerere=Y&bitm_main=21.400.100&bitm_abtest=21.0.0&bitm_advertising=21.100.0&bitm_b24connector=21.0.0&bitm_bitrixcloud=21.0.0&bitm_bizproc=21.200.200&bitm_bizprocdesigner=21.100.0&bitm_blog=21.200.0&bitm_calendar=21.200.0&bitm_catalog=21.200.0&bitm_clouds=21.100.0&bitm_conversion=21.0.0&bitm_currency=21.100.0&bitm_fileman=21.200.0&bitm_form=21.0.0&bitm_forum=21.100.0&bitm_highloadblock=21.100.0&bitm_iblock=21.400.100&bitm_idea=21.0.0&bitm_im=21.300.100&bitm_landing=21.300.300&bitm_learning=21.0.0&bitm_lists=21.100.0&bitm_mail=21.100.100&bitm_messageservice=21.100.0&bitm_mobileapp=21.0.50&bitm_perfmon=21.0.0&bitm_photogallery=21.0.0&bitm_pull=21.200.0&bitm_report=21.100.0&bitm_rest=21.200.0&bitm_sale=21.400.0&bitm_scale=21.0.0&bitm_search=21.0.100&bitm_security=21.0.0&bitm_sender=21.100.100&bitm_seo=21.300.0&bitm_socialnetwork=21.350.0&bitm_socialservices=21.100.0&bitm_statistic=21.0.0&bitm_storeassist=21.0.0&bitm_subscribe=21.0.0&bitm_support=21.0.0&bitm_translate=21.100.0&bitm_ui=21.300.0&bitm_vote=21.0.0&bitm_webservice=21.0.0&bitm_wiki=21.100.0&bitm_workflow=21.0.0&bitl_en=&bitl_ru=&SUPD_SRS=RU&SUPD_CMP=N&SALE_15=Y&LICENSE_SIGNED=%7Enew_license18_0_sign-Y&query_type=register
2022-03-02 13:30:46 -  - exec CUpdateClient::GetHTTPPage
2022-03-02 13:30:47 -  - TIME RegisterVersion(request) 0.209 sec
2022-03-02 13:30:47 -  - exec CUpdateClient::UnGzipArchive
2022-03-02 13:30:47 -  - TIME UnGzipArchive 0.054 sec
2022-03-02 13:30:47 -  - exec CUpdateClient::ParseServerData
2022-03-02 13:30:47 - CURV - Product registered successfully!
2022-03-02 13:30:47 - UPD_SUCCESS - Registered
2022-03-02 13:30:52 -  - exec CUpdateClient::GetUpdatesList
2022-03-02 13:30:52 -  - exec CUpdateClient::CollectRequestData
2022-03-02 13:30:52 -  - LICENSE_KEY=X&lang=ru&SUPD_VER=21.1200.0&VERSION=21.400.100&TYPENC=E&SUPD_STS=1&SUPD_URS=0&SUPD_DBS=MYSQL&XE=N&CLIENT_SITE=iceking.kz&CHHB=iceking.kz&CSAB=127.0.0.1&SUID=b3d6d1e5d378f1b3ceb81e1c2b410c46&CANGZIP=Y&CLIENT_PHPVER=7.4.21&stable=Y&mbfo=0&NGINX=Y&SMD=N&rerere=Y&bitm_main=21.400.100&bitm_abtest=21.0.0&bitm_advertising=21.100.0&bitm_b24connector=21.0.0&bitm_bitrixcloud=21.0.0&bitm_bizproc=21.200.200&bitm_bizprocdesigner=21.100.0&bitm_blog=21.200.0&bitm_calendar=21.200.0&bitm_catalog=21.200.0&bitm_clouds=21.100.0&bitm_conversion=21.0.0&bitm_currency=21.100.0&bitm_fileman=21.200.0&bitm_form=21.0.0&bitm_forum=21.100.0&bitm_highloadblock=21.100.0&bitm_iblock=21.400.100&bitm_idea=21.0.0&bitm_im=21.300.100&bitm_landing=21.300.300&bitm_learning=21.0.0&bitm_lists=21.100.0&bitm_mail=21.100.100&bitm_messageservice=21.100.0&bitm_mobileapp=21.0.50&bitm_perfmon=21.0.0&bitm_photogallery=21.0.0&bitm_pull=21.200.0&bitm_report=21.100.0&bitm_rest=21.200.0&bitm_sale=21.400.0&bitm_scale=21.0.0&bitm_search=21.0.100&bitm_security=21.0.0&bitm_sender=21.100.100&bitm_seo=21.300.0&bitm_socialnetwork=21.350.0&bitm_socialservices=21.100.0&bitm_statistic=21.0.0&bitm_storeassist=21.0.0&bitm_subscribe=21.0.0&bitm_support=21.0.0&bitm_translate=21.100.0&bitm_ui=21.300.0&bitm_vote=21.0.0&bitm_webservice=21.0.0&bitm_wiki=21.100.0&bitm_workflow=21.0.0&bitl_en=&bitl_ru=&SUPD_SRS=RU&SUPD_CMP=N&SALE_15=Y&LICENSE_SIGNED=%7Enew_license18_0_sign-Y
2022-03-02 13:30:52 -  - exec CUpdateClient::GetHTTPPage
2022-03-02 13:30:52 -  - TIME GetUpdatesList(request) 0.271 sec
2022-03-02 13:30:52 -  - exec CUpdateClient::ParseServerData
2022-03-10 14:34:14 -  - exec CUpdateClient::GetUpdatesList
2022-03-10 14:34:14 -  - exec CUpdateClient::CollectRequestData
2022-03-10 14:34:14 -  - LICENSE_KEY=X&lang=ru&SUPD_VER=21.1200.0&VERSION=21.400.100&TYPENC=E&SUPD_STS=1&SUPD_URS=0&SUPD_DBS=MYSQL&XE=N&CLIENT_SITE=iceking.kz&CHHB=iceking.kz&CSAB=127.0.0.1&SUID=b3d6d1e5d378f1b3ceb81e1c2b410c46&CANGZIP=Y&CLIENT_PHPVER=7.4.21&stable=Y&mbfo=0&NGINX=Y&SMD=N&rerere=Y&bitm_main=21.400.100&bitm_abtest=21.0.0&bitm_advertising=21.100.0&bitm_b24connector=21.0.0&bitm_bitrixcloud=21.0.0&bitm_bizproc=21.200.200&bitm_bizprocdesigner=21.100.0&bitm_blog=21.200.0&bitm_calendar=21.200.0&bitm_catalog=21.200.0&bitm_clouds=21.100.0&bitm_conversion=21.0.0&bitm_currency=21.100.0&bitm_fileman=21.200.0&bitm_form=21.0.0&bitm_forum=21.100.0&bitm_highloadblock=21.100.0&bitm_iblock=21.400.100&bitm_idea=21.0.0&bitm_im=21.300.100&bitm_landing=21.300.300&bitm_learning=21.0.0&bitm_lists=21.100.0&bitm_mail=21.100.100&bitm_messageservice=21.100.0&bitm_mobileapp=21.0.50&bitm_perfmon=21.0.0&bitm_photogallery=21.0.0&bitm_pull=21.200.0&bitm_report=21.100.0&bitm_rest=21.200.0&bitm_sale=21.400.0&bitm_scale=21.0.0&bitm_search=21.0.100&bitm_security=21.0.0&bitm_sender=21.100.100&bitm_seo=21.300.0&bitm_socialnetwork=21.350.0&bitm_socialservices=21.100.0&bitm_statistic=21.0.0&bitm_storeassist=21.0.0&bitm_subscribe=21.0.0&bitm_support=21.0.0&bitm_translate=21.100.0&bitm_ui=21.300.0&bitm_vote=21.0.0&bitm_webservice=21.0.0&bitm_wiki=21.100.0&bitm_workflow=21.0.0&bitl_en=&bitl_ru=&SUPD_SRS=RU&SUPD_CMP=N&SALE_15=Y&LICENSE_SIGNED=%7Enew_license18_0_sign-Y
2022-03-10 14:34:14 -  - exec CUpdateClient::GetHTTPPage
2022-03-10 14:34:14 -  - TIME GetUpdatesList(request) 0.299 sec
2022-03-10 14:34:15 -  - exec CUpdateClient::ParseServerData
